an1.4	5982	1	240498509			an1	an1	an1	candidate	8398	10481	1	1	1
id1.3	3471	1	238902078			id1	id1	id1	candidate	8406	10495	1	1	1
PZA00010.5	3610	1	119703101			PZA00010	AY106608	AY106608	random	7653	10515	1	1	1
PZA00013.10	6680	1	263276247			PZA00013	AY106600	AY106600	random	7654	10516	1	1	1
PZA00013.11	6681	1	263276005			PZA00013	AY106600	AY106600	random	7655	10517	0	0	0
PZA00013.9	3611	1	263276335			PZA00013	AY106600	AY106600	random	7657	10518	0	0	0
PZA00017.1	3532	1	35620725			PZA00017	AY106585	AY106585	random	7658	10520	1	1	1
PZA00050.9	3628	1	295459549			PZA00050	AY106349	AY106349	random	7672	10534	1	1	1
PZA00081.17	3641	1	45675053			PZA00081	AY106187	AY106187	random	7681	10546	1	1	1
PZA00098.14	3650	1	161472433			PZA00098	AY110943	AY110943	random	7691	10560	1	1	1
PZA00106.9	3657	1	10069039			PZA00106	AY110853	AY110853	random	9844	10571	1	1	1
PZA00119.4	3670	1	83595286			PZA00119	AY106088	AY106088	random	7699	10586	1	1	1
PZA00131.14	3680	1	203385274			PZA00131	AY106010	AY106010	random	9854	10592	1	1	1
PZA00137.2	3687	1	247821390			PZA00137	AY105989	AY105989	random	9856	10600	1	1	1
PZA00175.2	3704	1	8510027			PZA00175	AY105791	AY105791	random	7720	10624	1	1	1
PZA00192.6	3559	1	35621919			PZA00192	AY105747	AY105747	random	9865	10640	1	1	1
PZA00192.7	3722	1	35621803			PZA00192	AY105747	AY105747	random	7730	10641	0	0	0
PZA00230.5	3757	1	298412984			PZA00230	AY105651	AY105651	random	7743	10675	1	1	1
PZA00235.6	3564	1	292728854			PZA00235	AY109128	AY109128	random	7746	10679	1	1	1
PZA00235.8	3762	1	292728923			PZA00235	AY109128	AY109128	random	7747	10680	0	0	0
PZA00240.9	11011	1	41231817			PZA00240	AY109099	AY109099	random	9880	10688	1	1	1
PZA00243.27	11013	1	295771152			PZA00243	AY109093	AY109093	random	9881	10690	1	1	1
PZA00245.14	3768	1	284407382			PZA00245	AY108942	AY108942	random	7750	10691	1	1	1
PZA00245.16	3769	1	284407357			PZA00245	AY108942	AY108942	random	7751	10692	0	0	0
PZA00245.17	11017	1	284407550			PZA00245	AY108942	AY108942	random	9882	10693	0	0	0
PZA00245.18	11018	1	284407522			PZA00245	AY108942	AY108942	random	9883	10694	0	0	0
PZA00245.19	11019	1	284407493			PZA00245	AY108942	AY108942	random	9884	10695	0	0	0
PZA00263.14	11039	1	65108102			PZA00263	AY105580	AY105580	random	9890	10709	1	1	1
PZA00274.7	3793	1	41505016			PZA00274	AY105485	AY105485	random	7763	10713	1	1	1
PZA00289.11	3804	1	215472483			PZA00289	AY105412	AY105412	random	9893	10719	1	1	1
PZA00294.20	3806	1	63913289			PZA00294	AY108575	AY108575	random	7767	10720	1	1	1
PZA00301.3	3813	1	104998371			PZA00301	AY108536	AY108536	random	7773	10737	1	1	1
PZA00307.12	3816	1	291983606			PZA00307	AY108508	AY108508	random	7775	10741	1	1	1
PZA00307.14	11102	1	291983663			PZA00307	AY108508	AY108508	random	9901	10742	0	0	0
PZA00307.17	11105	1	291983425			PZA00307	AY108508	AY108508	random	9902	10743	0	0	0
PZA00318.2	3823	1	255148812			PZA00318	AY108472	AY108472	random	7780	10750	1	1	1
PZA00356.9	6022	1	263637986			PZA00356	AY108246	AY108246	random	7792	10779	1	1	1
PZA00364.5	3855	1	268082607			PZA00364	AY108217	AY108217	random	9919	10782	1	1	1
PZA00364.6	11164	1	268082618			PZA00364	AY108217	AY108217	random	9920	10783	0	0	0
PZA00369.1	3576	1	219201506			PZA00369	AY108182	AY108182	random	9921	10789	1	1	1
PZA00381.3	3870	1	237639087	Approximate: position of another SNP from the same amplicon plus 50 bases		PZA00381	AY108087	AY108087	random	7796	10797	1	1	1
PZA00381.4	11185	1	237639037			PZA00381	AY108087	AY108087	random	9924	10798	0	0	0
PZA00381.5	11186	1	237639137	Approximate: position of another SNP from the same amplicon plus 100 bases		PZA00381	AY108087	AY108087	random	9925	10799	0	0	0
PZA00385.3	3874	1	291738809			PZA00385	AY108020	AY108020	random	7799	10804	1	1	1
PZA00393.1	3880	1	4175293			PZA00393	AY107967	AY107967	random	7803	10812	1	1	1
PZA00393.4	6041	1	4175573			PZA00393	AY107967	AY107967	random	7804	10813	0	0	0
PZA00411.1	3896	1	251196990			PZA00411	AY107876	AY107876	random	7815	10825	1	1	1
PZA00411.4	11213	1	251197217			PZA00411	AY107876	AY107876	random	9930	10826	0	0	0
PZA00411.5	11214	1	251197251			PZA00411	AY107876	AY107876	random	9931	10827	0	0	0
PZA00425.4	3910	1	21457569			PZA00425	AY107789	AY107789	random	9938	10843	1	1	1
PZA00425.9	3911	1	21457466			PZA00425	AY107789	AY107789	random	7823	10844	0	0	0
PZA00468.11	11277	1	50197355			PZA00468	AY107489	AY107489	random	9947	10870	1	1	1
PZA00468.7	3946	1	50197644			PZA00468	AY107489	AY107489	random	7841	10872	0	0	0
PZA00477.10	11287	1	298082504			PZA00477	AY107458	AY107458	random	9951	10880	1	1	1
PZA00477.11	11288	1	298082627			PZA00477	AY107458	AY107458	random	9952	10881	0	0	0
PZA00477.5	3956	1	298082468			PZA00477	AY107458	AY107458	random	7846	10882	0	0	0
PZA00477.9	3588	1	298082534			PZA00477	AY107458	AY107458	random	7847	10883	0	0	0
PZA00484.5	3962	1	180171012			PZA00484	AY107409	AY107409	random	7854	10891	1	1	1
PZA00593.2	4054	1	87911166			PZA00593	AY106988	AY106988	random	7905	11000	1	1	1
PZA00610.18	11453	1	280215146	Approximate: position of another SNP from the same amplicon plus 150 bases		PZA00610	AY106920	AY106920	random	9989	11007	1	1	1
PZA00610.9	4064	1	280215196	Approximate: position of another SNP from the same amplicon plus 200 bases		PZA00610	AY106920	AY106920	random	7911	11008	0	0	0
PZA00617.16	4074	1	53357515			PZA00617	AY106877	AY106877	random	7916	11016	1	1	1
PZA00623.2	4081	1	293632755			PZA00623	AY112175	AY112175	random	7919	11025	1	1	1
PZA00650.8	4103	1	189467910			PZA00650	AY112056	AY112056	random	7931	11046	1	1	1
PZA00654.10	4106	1	32583345			PZA00654	AY112046	AY112046	random	7932	11048	1	1	1
PZA00654.12	4107	1	32583282			PZA00654	AY112046	AY112046	random	10001	11049	0	0	0
PZA00658.19	4111	1	224518576			PZA00658	AY106760	AY106760	random	7934	11056	1	1	1
PZA00658.23	11509	1	224518818			PZA00658	AY106760	AY106760	random	10006	11057	0	0	0
PZA00673.2	11521	1	258064025			PZA00673	AY106708	AY106708	random	10008	11064	1	1	1
PZA00692.5	11540	1	88863284			PZA00692	AY106642	AY106642	random	10010	11077	1	1	1
PZA00698.4	4141	1	273531917			PZA00698	AY111783	AY111783	random	7949	11080	1	1	1
PZA00705.5	4153	1	95897171			PZA00705	AY111742	AY111742	random	7952	11085	1	1	1
PZA00731.6	4180	1	9300391			PZA00731	AY111431	AY111431	random	7971	11120	1	1	1
PZA00731.7	4181	1	9300541			PZA00731	AY111431	AY111431	random	10015	11121	0	0	0
PZA01725.1	6942	1	20029747			PZA01725	AY107529	AY107529	random	10017	11137	1	1	1
PZA01725.2	6943	1	20029738			PZA01725	AY107529	AY107529	random	7988	11138	0	0	0
PZA02791.6	4189	1	68322875			PZA02791	AY105275	AY105275	random	7993	11145	1	1	1
PZA02806.4	4195	1	34326335			PZA02806	AY105208	AY105208	random	7996	11152	1	1	1
PZA02806.9	11592	1	34326561			PZA02806	AY105208	AY105208	random	10020	11153	0	0	0
PZA02837.5	4228	1	287641039			PZA02837	AY105038	AY105038	random	8007	11178	1	1	1
PZA02869.2	4251	1	4430055			PZA02869	AY104892	AY104892	random	8016	11188	1	1	1
PZA02869.8	4253	1	4429897			PZA02869	AY104892	AY104892	random	8017	11190	0	0	0
PZA02921.9	4269	1	25035236			PZA02921	AY104664	AY104664	random	8025	11203	1	1	1
PZA02954.2	11661	1	245653184			PZA02954	AY104509	AY104509	random	10036	11227	1	1	1
PZA02962.13	4299	1	3205252			PZA02962	AY104472	AY104472	random	10038	11232	1	1	1
PZA02963.5	4302	1	173860756			PZA02963	AY104466	AY104466	random	8039	11234	1	1	1
PZA03001.15	4332	1	231037305			PZA03001	AY104260	AY104260	random	10040	11248	1	1	1
PZA03001.18	4333	1	231037244			PZA03001	AY104260	AY104260	random	8053	11249	0	0	0
PZA03001.9	4334	1	231037458			PZA03001	AY104260	AY104260	random	10041	11250	0	0	0
PZA03014.10	4351	1	102663772			PZA03014	AY104183	AY104183	random	8063	11260	1	1	1
PZA03014.21	4352	1	102663629			PZA03014	AY104183	AY104183	random	8064	11261	0	0	0
PZA03014.24	11695	1	102663486			PZA03014	AY104183	AY104183	random	10043	11263	0	0	0
PZA03028.5	4364	1	150749370			PZA03028	AY104119	AY104119	random	8067	11271	1	1	1
PZA03037.8	4372	1	285977254			PZA03037	AY104085	AY104085	random	8070	11278	1	1	1
PZA03037.9	11709	1	285977327			PZA03037	AY104085	AY104085	random	10049	11279	0	0	0
PZA03064.6	4401	1	248503298			PZA03064	AY103973	AY103973	random	8082	11307	1	1	1
PZA03074.24	4416	1	201295597			PZA03074	AY103941	AY103941	random	10063	11315	1	1	1
PZA03301.2	5808	1	240574247			PZA03301	MIR166i	MIR166i	candidate	8116	11358	1	1	1
PZA03301.4	6627	1	240574418			PZA03301	MIR166i	MIR166i	candidate	8117	11359	0	0	0
PZA03305.6	6631	1	286642571			PZA03305	MIR167d	MIR167d	candidate	8120	11361	1	1	1
PZA03305.7	6632	1	286642715			PZA03305	MIR167d	MIR167d	candidate	8121	11362	0	0	0
PZA03345.1	5897	1	36548526			PZA03345	ath-miR172	ath-miR172	candidate	8148	11390	1	0	0
PZA03345.2	5898	1	36548480			PZA03345	ath-miR172	ath-miR172	candidate	8149	11391	0	0	0
PZA03345.4	6671	1	36548602			PZA03345	ath-miR172	ath-miR172	candidate	8150	11392	0	0	0
PZA03767.1	6971	1	56389457	Approximate: position of another SNP from the same amplicon plus 50 bases		PZA03767	CL531_1	CL531_1	candidate	8169	11413	1	1	1
PZA03767.4	6974	1	56389507	Approximate: position of another SNP from the same amplicon plus 100 bases		PZA03767	CL531_1	CL531_1	candidate	10076	11415	0	0	0
PZA03767.5	6975	1	56389557	Approximate: position of another SNP from the same amplicon plus 150 bases		PZA03767	CL531_1	CL531_1	candidate	8170	11416	0	0	0
PZB00011.4	6112	1	233401171			PZB00011	CA826890	CA826890	candidate	8190	11437	1	1	1
PZB00011.5	6113	1	233401008			PZB00011	CA826890	CA826890	candidate	8191	11438	0	0	0
PZB00067.2	6140	1	276161977			PZB00067	CB885917	CB885917	candidate	8200	11464	1	1	1
PZB00067.3	6141	1	276161539			PZB00067	CB885917	CB885917	candidate	8201	11465	0	0	0
PZB00067.4	6142	1	276162208			PZB00067	CB885917	CB885917	candidate	8202	11466	0	0	0
PZB00067.5	6143	1	276161562			PZB00067	CB885917	CB885917	candidate	8203	11467	0	0	0
PZB00149.2	5399	1	188047739			PZB00149	ZMtuc03-08-11.29749	ZMtuc03-08-11.29749	candidate	8219	11496	1	1	1
PZB00149.4	6168	1	188047770			PZB00149	ZMtuc03-08-11.29749	ZMtuc03-08-11.29749	candidate	8220	11497	0	0	0
PZB00393.7	6217	1	202135418			PZB00393	br2	br2	candidate	8258	11559	1	1	1
PZB00454.2	5513	1	188047850			PZB00454	AJ011618	AJ011618	candidate	8261	11567	1	1	1
PZB00454.3	6222	1	188047803			PZB00454	AJ011618	AJ011618	candidate	8262	11568	0	0	0
PZB00454.4	6223	1	188047932			PZB00454	AJ011618	AJ011618	candidate	8263	11569	0	0	0
PZB00454.5	6224	1	188048031			PZB00454	AJ011618	AJ011618	candidate	8264	11570	0	0	0
PZB00859.1	5634	1	157104			PZB00859	MAGI_36625	MAGI_36625	candidate	8277	11617	1	1	1
PZB01225.1	6270	1	63234203			PZB01225	AZM4_70359	AZM4_70359	candidate	8301	11677	1	1	1
PZB01225.2	6271	1	63234310			PZB01225	AZM4_70359	AZM4_70359	candidate	8302	11678	0	0	0
PZB01225.4	6273	1	63234263			PZB01225	AZM4_70359	AZM4_70359	candidate	8304	11679	0	0	0
PZB01427.1	6294	1	270363945			PZB01427	AY312169	AY312169	candidate	8312	11697	1	1	1
PZB01427.3	6296	1	270363859			PZB01427	AY312169	AY312169	candidate	8313	11699	0	0	0
PZD00019.1	6346	1	4912321			PZD00019	AY104805	AY104805	candidate	8332	11722	1	1	1
PZD00020.2	6348	1	4835690			PZD00020	AY104805	AY104805	candidate	8333	11723	1	0	0
PZD00020.3	6349	1	4836270			PZD00020	AY104805	AY104805	candidate	8334	11724	0	0	0
PZD00020.4	6350	1	4835949			PZD00020	AY104805	AY104805	candidate	8335	11725	0	0	0
PZD00020.6	6352	1	4836190			PZD00020	AY104805	AY104805	candidate	8336	11726	0	0	0
PZD00021.2	6354	1	4835540			PZD00021	AY104805	AY104805	candidate	10095	11727	1	0	0
PZD00021.4	6356	1	4835472			PZD00021	AY104805	AY104805	candidate	8337	11728	0	0	0
PZD00021.5	6357	1	4835596			PZD00021	AY104805	AY104805	candidate	8338	11729	0	0	0
PZD00051.1	6410	1	193880141	Approximate: 5 prime BLAST start of amplicon plus 50 bases		PZD00051	zmm6	zmm6	candidate	8364	11757	1	1	1
PZD00062.2	6425	1	264795088			PZD00062	tb1	tb1	candidate	8368	11760	1	1	1
PZD00066.1	6431	1	265199449			PZD00066	d8	d8	candidate	8369	11762	1	1	1
PZD00068.1	6438	1	238902054			PZD00068	id1	id1	candidate	8373	11767	1	0	0
PZD00069.2	6442	1	291833791			PZD00069	ids1	ids1	candidate	10098	11769	1	1	1
PZD00069.3	6443	1	291833188			PZD00069	ids1	ids1	candidate	8374	11770	0	0	0
PZD00069.4	6444	1	291834351			PZD00069	ids1	ids1	candidate	8375	11771	0	0	0
PZD00069.5	6445	1	291833767			PZD00069	ids1	ids1	candidate	8376	11772	0	0	0
PZD00076.1	7003	1	69427796			PZD00076	Grain Wt. QTL (McCouch)	Grain Wt. QTL1	candidate	8385	11782	1	1	1
PZD00076.2	7004	1	69427885	Approximate: position of another SNP from the same amplicon plus 50 bases		PZD00076	Grain Wt. QTL (McCouch)	Grain Wt. QTL1	candidate	8386	11783	0	0	0
PZD00076.4	7006	1	69427985	Approximate: position of another SNP from the same amplicon plus 150 bases		PZD00076	Grain Wt. QTL (McCouch)	Grain Wt. QTL1	candidate	8387	11784	0	0	0
PZD00077.10	7018	1	69439911	Approximate: position of another SNP from the same amplicon plus 50 bases		PZD00077	Grain Wt. QTL (McCouch)	Grain Wt. QTL2	candidate	8388	11785	1	0	1
PZD00077.5	7013	1	69439550			PZD00077	Grain Wt. QTL (McCouch)	Grain Wt. QTL2	candidate	8389	11786	0	0	0
PZD00077.7	7015	1	69439961	Approximate: position of another SNP from the same amplicon plus 100 bases		PZD00077	Grain Wt. QTL (McCouch)	Grain Wt. QTL2	candidate	8390	11787	0	0	0
PZD00077.8	7016	1	69439376			PZD00077	Grain Wt. QTL (McCouch)	Grain Wt. QTL2	candidate	8391	11788	0	0	0
tb1.17	3498	1	264847517			tb1	tb1	tb1	candidate	8427	11815	1	0	0
tb1.18	3499	1	264847469			tb1	tb1	tb1	candidate	8428	11816	0	0	0
tb1.19	3500	1	264847429			tb1	tb1	tb1	candidate	8429	11817	0	0	0
tb1.5	3491	1	264849536			tb1	tb1	tb1	candidate	8430	11818	0	0	0
zagl1.1	3511	1	4912526			zagl1	AY104805	zagl1	candidate	8432	11821	1	0	1
zagl1.6	3513	1	4835658	Approximate: position of another SNP from the same amplicon plus 100 bases		zagl1	AY104805	zagl1	candidate	8433	11822	0	0	0
