PZA00079.1	3540	10	18903460			PZA00079	AY106206	AY106206	random	7680	10545	1	1	1
PZA00135.6	3685	10	109542101			PZA00135	AY105994	AY105994	random	7705	10598	1	1	1
PZA00174.1	3702	10	66408538			PZA00174	AY109975	AY109975	random	7718	10622	1	1	1
PZA00174.2	3703	10	66408674			PZA00174	AY109975	AY109975	random	7719	10623	0	0	0
PZA00204.1	10976	10	127003264			PZA00204	AY105694	AY105694	random	9867	10651	1	1	1
PZA00251.1	3773	10	122517816			PZA00251	AY108914	AY108914	random	7754	10698	1	1	1
PZA00257.11	3780	10	10432605			PZA00257	AY108721	AY108721	random	9888	10706	1	1	1
PZA00257.22	3781	10	10432680			PZA00257	AY108721	AY108721	random	9889	10707	0	0	0
PZA00310.5	3571	10	20451157			PZA00310	AY108492	AY108492	random	7776	10745	1	1	1
PZA00337.3	3835	10	86327722			PZA00337	AY108314	AY108314	random	7785	10761	1	1	1
PZA00337.4	11138	10	86327620			PZA00337	AY108314	AY108314	random	9911	10762	0	0	0
PZA00337.5	11139	10	86327655			PZA00337	AY108314	AY108314	random	9912	10763	0	0	0
PZA00342.9	3838	10	130170772			PZA00342	AY108294	AY108294	random	7786	10764	1	1	1
PZA00409.3	3894	10	62062924			PZA00409	AY107888	AY107888	random	7814	10824	1	1	1
PZA00444.1	3585	10	106780357			PZA00444	AY107644	AY107644	random	7830	10856	1	1	1
PZA00444.5	3926	10	106780310			PZA00444	AY107644	AY107644	random	7831	10857	0	0	0
PZA00463.3	3943	10	13546326			PZA00463	AY107512	AY107512	random	7839	10868	1	1	1
PZA00552.4	4021	10	26982383			PZA00552	AY112369	AY112369	random	7891	10974	1	1	1
PZA00562.4	3601	10	61763079			PZA00562	AY112284	AY112284	random	7894	10978	1	1	1
PZA00587.3	4048	10	84518272			PZA00587	AY107045	AY107045	random	7901	10990	1	1	1
PZA00587.6	11429	10	84518305			PZA00587	AY107045	AY107045	random	9985	10992	0	0	0
PZA00647.9	4102	10	129730703			PZA00647	AY106810	AY106810	random	9999	11045	1	1	1
PZA00656.15	11502	10	17646117			PZA00656	AY106774	AY106774	random	10002	11051	1	1	1
PZA00656.16	11503	10	17646056			PZA00656	AY106774	AY106774	random	10003	11052	0	0	0
PZA00656.18	11505	10	17645938			PZA00656	AY106774	AY106774	random	10004	11054	0	0	0
PZA00656.4	4110	10	17645859			PZA00656	AY106774	AY106774	random	10005	11055	0	0	0
PZA00665.6	4116	10	68803444			PZA00665	AY106744	AY106744	random	7936	11060	1	1	1
PZA00712.4	4161	10	117797175			PZA00712	AY111609	AY111609	random	7954	11094	1	1	1
PZA00727.11	4176	10	142854665			PZA00727	AY111500	AY111500	random	7967	11110	1	1	1
PZA00727.12	11571	10	142854744			PZA00727	AY111500	AY111500	random	10014	11111	0	0	0
PZA02853.10	4236	10	25965887			PZA02853	AY104970	AY104970	random	8011	11182	1	1	1
PZA02853.7	4237	10	25965933			PZA02853	AY104970	AY104970	random	8012	11183	0	0	0
PZA02941.3	4278	10	71120220			PZA02941	AY104573	AY104573	random	10030	11210	1	1	1
PZA02941.6	4279	10	71120324			PZA02941	AY104573	AY104573	random	8031	11211	0	0	0
PZA02941.8	11641	10	71120376			PZA02941	AY104573	AY104573	random	10031	11212	0	0	0
PZA02961.1	4297	10	16264730			PZA02961	AY104475	AY104475	random	8038	11231	1	1	1
PZA02969.11	11672	10	143676107	Approximate: position of another SNP from the same amplicon plus 100 bases		PZA02969	AY104445	AY104445	random	10039	11237	1	1	1
PZA02993.5	4327	10	106620017			PZA02993	AY104301	AY104301	random	8049	11245	1	1	1
PZA03051.1	6704	10	96216125			PZA03051	AY104037	AY104037	random	10054	11292	1	1	1
PZA03051.3	6706	10	96216463			PZA03051	AY104037	AY104037	random	10055	11293	0	0	0
PZA03078.33	4420	10	6121326			PZA03078	AY103908	AY103908	random	8088	11318	1	1	1
PZA03137.1	5012	10	28596680			PZA03137	MAGI_84234	MAGI_84234	candidate	8103	11342	1	1	1
PZA03342.2	6664	10	43936126			PZA03342	ath-miR171	ath-miR171	candidate	10072	11386	1	0	0
PZB00055.1	6127	10	140493174			PZB00055	CD001845	CD001845	candidate	8195	11456	1	1	1
PZB00409.3	6219	10	84002430			PZB00409	AY150646	AY150646	candidate	8259	11562	1	1	1
PZB00849.2	5631	10	43580042			PZB00849	MAGI_28387	MAGI_28387	candidate	8274	11612	1	1	1
PZB00849.3	6237	10	43580066			PZB00849	MAGI_28387	MAGI_28387	candidate	8275	11613	0	0	0
PZB00849.4	6238	10	43580106			PZB00849	MAGI_28387	MAGI_28387	candidate	8276	11614	0	0	0
PZB01111.6	6244	10	134034875			PZB01111	AZM4_116423	AZM4_116423	candidate	8282	11651	1	1	1
PZB01111.7	6245	10	134034686			PZB01111	AZM4_116423	AZM4_116423	candidate	8283	11652	0	0	0
PZB01111.8	6246	10	134034407			PZB01111	AZM4_116423	AZM4_116423	candidate	8284	11653	0	0	0
PZD00075.1	12479	10	146599154			PZD00075	ZmWUS2	ZmWUS2	candidate	8383	11780	1	1	1
PZD00075.2	12480	10	146599484			PZD00075	ZmWUS2	ZmWUS2	candidate	8384	11781	0	0	0
