abph1.20	5976	2	27403404			abph1	AB042260	abph1	candidate	8393	10474	1	1	1
abph1.22	5978	2	27403892			abph1	AB042260	abph1	candidate	8394	10475	0	0	0
pbf1.1	6609	2	150712539			pbf1	pbf1	pbf1	candidate	9833	10498	1	1	1
pbf1.2	6610	2	150712441			pbf1	pbf1	pbf1	candidate	8409	10499	0	0	0
pbf1.3	6611	2	150711736			pbf1	pbf1	pbf1	candidate	8410	10500	0	0	0
pbf1.5	6613	2	150711463			pbf1	pbf1	pbf1	candidate	8411	10501	0	0	0
pbf1.6	6614	2	150710621			pbf1	pbf1	pbf1	candidate	8412	10502	0	0	0
pbf1.7	6615	2	150709947			pbf1	pbf1	pbf1	candidate	8413	10503	0	0	0
pbf1.8	6616	2	150709920			pbf1	pbf1	pbf1	candidate	8414	10504	0	0	0
PZA00008.1	3609	2	11924901			PZA00008	AY106613	AY106613	random	7652	10514	1	1	1
PZA00029.11	3615	2	144528591			PZA00029	AY106506	AY106506	random	7660	10522	1	1	1
PZA00029.12	3533	2	144528504			PZA00029	AY106506	AY106506	random	7661	10523	0	0	0
PZA00061.1	3633	2	33824834			PZA00061	AY106284	AY106284	random	7676	10540	1	1	1
PZA00108.12	3660	2	13779884			PZA00108	AY110848	AY110848	random	7695	10573	1	1	1
PZA00108.14	10909	2	13779694			PZA00108	AY110848	AY110848	random	9846	10574	0	0	0
PZA00108.15	10910	2	13779745			PZA00108	AY110848	AY110848	random	9847	10575	0	0	0
PZA00140.10	10931	2	140264946			PZA00140	AY105973	AY105973	random	9857	10602	1	1	1
PZA00140.6	3690	2	140264872			PZA00140	AY105973	AY105973	random	7707	10603	0	0	0
PZA00140.9	10930	2	140264993			PZA00140	AY105973	AY105973	random	9858	10604	0	0	0
PZA00163.4	3695	2	220264713			PZA00163	AY105839	AY105839	random	7711	10612	1	1	1
PZA00164.1	3696	2	217788232			PZA00164	AY105837	AY105837	random	7712	10613	1	1	1
PZA00164.2	10950	2	217788271			PZA00164	AY105837	AY105837	random	9861	10614	0	0	0
PZA00164.3	10951	2	217788160			PZA00164	AY105837	AY105837	random	9862	10615	0	0	0
PZA00170.1	3700	2	69623218			PZA00170	AY110082	AY110082	random	7715	10619	1	1	1
PZA00170.3	6005	2	69623275			PZA00170	AY110082	AY110082	random	7716	10620	0	0	0
PZA00170.4	6006	2	69623323			PZA00170	AY110082	AY110082	random	7717	10621	0	0	0
PZA00176.8	3705	2	10533421			PZA00176	AY109951	AY109951	random	7721	10625	1	1	1
PZA00200.11	6011	2	5821018			PZA00200	AY105707	AY105707	random	7733	10646	1	1	1
PZA00200.17	10974	2	5821618			PZA00200	AY105707	AY105707	random	9866	10648	0	0	0
PZA00200.9	3728	2	5821159			PZA00200	AY105707	AY105707	random	7734	10649	0	0	0
PZA00226.7	3755	2	43256960			PZA00226	AY105667	AY105667	random	7742	10672	1	1	1
PZA00237.2	3763	2	6041506			PZA00237	AY109111	AY109111	random	7748	10681	1	1	1
PZA00237.7	11003	2	6041221			PZA00237	AY109111	AY109111	random	9877	10683	0	0	0
PZA00237.8	11004	2	6041339			PZA00237	AY109111	AY109111	random	9878	10684	0	0	0
PZA00238.3	11008	2	194696599			PZA00238	AY109108	AY109108	random	9879	10685	1	1	1
PZA00277.17	11056	2	141942780			PZA00277	AY105475	AY105475	random	9892	10715	1	1	1
PZA00277.9	3796	2	141942814			PZA00277	AY105475	AY105475	random	7764	10716	0	0	0
PZA00280.14	3797	2	62870552			PZA00280	AY105462	AY105462	random	7765	10717	1	1	1
PZA00296.6	3810	2	multiple		Chr2(209957515;210039173);	PZA00296	AY108561	AY108561	random	7768	10722	1	1	1
PZA00349.3	3845	2	21201165			PZA00349	AY108270	AY108270	random	7788	10772	1	1	1
PZA00349.5	11159	2	21201138			PZA00349	AY108270	AY108270	random	9917	10774	0	0	0
PZA00367.2	3857	2	161879250			PZA00367	AY108187	AY108187	random	7793	10785	1	1	1
PZA00390.6	3878	2	206974644			PZA00390	AY107985	AY107985	random	7801	10808	1	1	1
PZA00394.11	3578	2	56930271			PZA00394	AY107964	AY107964	random	7805	10814	1	1	1
PZA00396.12	11197	2	4679467			PZA00396	AY107938	AY107938	random	9929	10817	1	1	1
PZA00442.3	3584	2	63547199			PZA00442	AY107661	AY107661	random	7829	10852	1	1	1
PZA00442.4	3924	2	63547171			PZA00442	AY107661	AY107661	random	9939	10853	0	0	0
PZA00442.5	11245	2	63547256			PZA00442	AY107661	AY107661	random	9940	10854	0	0	0
PZA00442.6	11246	2	63547250			PZA00442	AY107661	AY107661	random	9941	10855	0	0	0
PZA00459.5	3941	2	17015152			PZA00459	AY107531	AY107531	random	7836	10863	1	1	1
PZA00471.2	3949	2	22429044			PZA00471	AY107480	AY107480	random	7843	10875	1	1	1
PZA00471.3	11280	2	22429274			PZA00471	AY107480	AY107480	random	9949	10876	0	0	0
PZA00471.4	11281	2	22429124			PZA00471	AY107480	AY107480	random	9950	10877	0	0	0
PZA00478.10	6046	2	162822752			PZA00478	AY107432	AY107432	random	7848	10884	1	1	1
PZA00478.11	6047	2	162822788			PZA00478	AY107432	AY107432	random	7849	10885	0	0	0
PZA00478.7	3957	2	162823104			PZA00478	AY107432	AY107432	random	7850	10886	0	0	0
PZA00478.9	6045	2	162822817			PZA00478	AY107432	AY107432	random	7851	10887	0	0	0
PZA00485.2	3589	2	121241431			PZA00485	AY107397	AY107397	random	7855	10892	1	1	1
PZA00487.16	3965	2	222135246			PZA00487	AY107388	AY107388	random	7857	10894	1	1	1
PZA00487.24	3966	2	222134965			PZA00487	AY107388	AY107388	random	7858	10895	0	0	0
PZA00487.26	11294	2	222134910			PZA00487	AY107388	AY107388	random	9953	10896	0	0	0
PZA00495.3	3970	2	170377897			PZA00495	AY107322	AY107322	random	7861	10902	1	1	1
PZA00495.4	3971	2	170377910			PZA00495	AY107322	AY107322	random	9957	10903	0	0	0
PZA00495.6	11301	2	170377859			PZA00495	AY107322	AY107322	random	9958	10904	0	0	0
PZA00497.1	3974	2	19837545			PZA00497	AY107316	AY107316	random	7862	10907	1	1	1
PZA00497.4	3975	2	19837491			PZA00497	AY107316	AY107316	random	7863	10908	0	0	0
PZA00515.14	11336	2	169265448			PZA00515	AY107227	AY107227	random	9968	10934	1	1	1
PZA00525.16	4000	2	2527199			PZA00525	AY112645	AY112645	random	7877	10939	1	1	1
PZA00525.2	4001	2	2527379			PZA00525	AY112645	AY112645	random	9970	10942	0	0	0
PZA00527.6	3596	2	216832881			PZA00527	AY112623	AY112623	random	7878	10945	1	1	1
PZA00527.9	11355	2	216833018			PZA00527	AY112623	AY112623	random	9971	10946	0	0	0
PZA00533.3	4005	2	187495401			PZA00533	AY112573	AY112573	random	7880	10950	1	1	1
PZA00533.4	4006	2	187495335			PZA00533	AY112573	AY112573	random	7881	10951	0	0	0
PZA00533.5	11361	2	187495476			PZA00533	AY112573	AY112573	random	9974	10952	0	0	0
PZA00533.6	11362	2	187495431			PZA00533	AY112573	AY112573	random	9975	10953	0	0	0
PZA00613.22	11458	2	4180789			PZA00613	AY106896	AY106896	random	9990	11010	1	1	1
PZA00620.2	4077	2	10429605			PZA00620	AY106864	AY106864	random	7917	11020	1	1	1
PZA00637.4	4095	2	169524428			PZA00637	AY106818	AY106818	random	7925	11036	1	1	1
PZA00639.12	4096	2	207125619			PZA00639	AY106813	AY106813	random	7926	11037	1	1	1
PZA00639.13	11489	2	207125810			PZA00639	AY106813	AY106813	random	9997	11038	0	0	0
PZA00639.15	11491	2	207125505			PZA00639	AY106813	AY106813	random	9998	11039	0	0	0
PZA00672.6	4121	2	228991006			PZA00672	AY106715	AY106715	random	7939	11062	1	1	1
PZA00672.8	11519	2	228991012			PZA00672	AY106715	AY106715	random	10007	11063	0	0	0
PZA00676.2	4124	2	214263400			PZA00676	AY111892	AY111892	random	7941	11066	1	1	1
PZA00680.1	4127	2	1081781			PZA00680	AY111826	AY111826	random	7942	11067	1	1	1
PZA00680.3	4128	2	1081791			PZA00680	AY111826	AY111826	random	7943	11068	0	0	0
PZA00720.2	6083	2	150709580			PZA00720	AY111543	AY111543	random	7960	11101	1	1	1
PZA00720.3	6084	2	150709624			PZA00720	AY111543	AY111543	random	7961	11102	0	0	0
PZA00725.4	4172	2	201957482			PZA00725	AY111508	AY111508	random	7964	11105	1	1	1
PZA00729.18	4177	2	186070362			PZA00729	AY111438	AY111438	random	7968	11114	1	1	1
PZA00729.19	6695	2	186070557			PZA00729	AY111438	AY111438	random	7969	11115	0	0	0
PZA00730.2	4179	2	38352327			PZA00730	AY111434	AY111434	random	7970	11117	1	1	1
PZA01474.2	6093	2	47923897			PZA01474	AY107195	AY107195	random	7983	11132	1	1	1
PZA02808.12	4197	2	44606596			PZA02808	AY105203	AY105203	random	7998	11155	1	1	1
PZA02808.16	4199	2	44606521			PZA02808	AY105203	AY105203	random	8000	11157	0	0	0
PZA02831.5	4223	2	131092323			PZA02831	AY105098	AY105098	random	8005	11176	1	1	1
PZA02890.3	4259	2	187225194			PZA02890	AY104808	AY104808	random	8020	11195	1	1	1
PZA02890.4	4260	2	187225134			PZA02890	AY104808	AY104808	random	8021	11196	0	0	0
PZA02890.5	4261	2	187225116			PZA02890	AY104808	AY104808	random	8022	11197	0	0	0
PZA02939.6	4275	2	157152608			PZA02939	AY104584	AY104584	random	8029	11207	1	1	1
PZA02966.11	4306	2	128180206			PZA02966	AY104453	AY104453	random	8040	11235	1	1	1
PZA03083.7	4425	2	159619959			PZA03083	AY103895	AY103895	random	8091	11326	1	1	1
PZA03319.3	6639	2	31946186			PZA03319	ath-miR156	ath-miR156	candidate	8131	11371	1	1	1
PZA03319.4	6640	2	31946045			PZA03319	ath-miR156	ath-miR156	candidate	8132	11372	0	0	0
PZA03328.5	6649	2	37328339			PZA03328	ath-miR164	ath-miR164	candidate	8136	11376	1	1	1
PZA03775.1	6955	2	47926730			PZA03775	NULL	PZA03450	candidate	8156	11400	1	1	1
PZA03775.11	6965	2	47924645			PZA03775	NULL	PZA03450	candidate	8158	11402	0	0	0
PZA03775.2	6956	2	47926413			PZA03775	NULL	PZA03450	candidate	8159	11403	0	0	0
PZA03775.3	6957	2	47926345			PZA03775	NULL	PZA03450	candidate	8160	11404	0	0	0
PZA03775.4	6958	2	47926037			PZA03775	NULL	PZA03450	candidate	8161	11405	0	0	0
PZA03775.6	6960	2	47925467			PZA03775	NULL	PZA03450	candidate	8163	11406	0	0	0
PZA03775.7	6961	2	47925355			PZA03775	NULL	PZA03450	candidate	10075	11407	0	0	0
PZA03775.8	6962	2	47925282			PZA03775	NULL	PZA03450	candidate	8164	11408	0	0	0
PZA03775.9	6963	2	47925244			PZA03775	NULL	PZA03450	candidate	8165	11409	0	0	0
PZB00078.1	5357	2	33043784			PZB00078	AI622483	AI622483	candidate	10080	11470	1	1	1
PZB00165.2	5408	2	43923473			PZB00165	CA831175	CA831175	candidate	8228	11507	1	1	1
PZB00165.6	6179	2	43923377			PZB00165	CA831175	CA831175	candidate	8229	11509	0	0	0
PZB00183.3	6194	2	43923270			PZB00183	BU098281	BU098281	candidate	8243	11530	1	1	1
PZB00607.2	6236	2	104938513			PZB00607	AZM4_111340	AZM4_111340	candidate	8271	11589	1	1	1
PZB01233.2	6284	2	3376330			PZB01233	AZM4_1894	AZM4_1894	candidate	10089	11689	1	1	1
PZB01233.3	6285	2	3375911			PZB01233	AZM4_1894	AZM4_1894	candidate	8309	11690	0	0	0
PZD00022.1	6358	2	233129138			PZD00022	L46400	L46400	candidate	8339	11730	1	1	1
PZD00022.3	6360	2	233129091			PZD00022	L46400	L46400	candidate	8340	11732	0	0	0
PZD00022.4	6361	2	233128502			PZD00022	L46400	L46400	candidate	8341	11733	0	0	0
PZD00074.1	12478	2	3375254			PZD00074	ZmWUS1	ZmWUS1	candidate	8382	11778	1	1	1
zap1.2	3514	2	233128584			zap1	L46400	zap1	candidate	8434	11823	1	0	1
zfl2.6	6463	2	12543294			zfl2	zfl2	zfl2	candidate	8438	11828	1	1	1
