ba1.6	3463	3	181362952			ba1	AY753892	ba1	candidate	8399	10482	1	0	1
ba1.9	3466	3	181362666			ba1	AY753892	ba1	candidate	8400	10483	0	0	0
lg2.11	3477	3	175051864			lg2	AY180106	lg2	candidate	8407	10496	1	1	1
lg2.2	3476	3	175051298			lg2	AY180106	lg2	candidate	8408	10497	0	0	0
PZA00047.2	3624	3	203908761			PZA00047	AY106361	AY106361	random	7670	10532	1	1	1
PZA00088.3	3644	3	228614270			PZA00088	AY106131	AY106131	random	7685	10550	1	1	1
PZA00100.10	7302	3	5480277			PZA00100	AY110897	AY110897	random	9841	10561	1	1	1
PZA00100.12	10888	3	5479991			PZA00100	AY110897	AY110897	random	9842	10563	0	0	0
PZA00100.14	10890	3	5480312			PZA00100	AY110897	AY110897	random	9843	10564	0	0	0
PZA00100.9	3652	3	5479958			PZA00100	AY110897	AY110897	random	7692	10566	0	0	0
PZA00107.18	3658	3	180341137			PZA00107	AY110849	AY110849	random	7694	10572	1	1	1
PZA00109.3	3661	3	82173052			PZA00109	AY110845	AY110845	random	7696	10576	1	1	1
PZA00109.5	10911	3	82173017			PZA00109	AY110845	AY110845	random	9848	10577	0	0	0
PZA00114.3	3548	3	142431173			PZA00114	AY106108	AY106108	random	7698	10583	1	1	1
PZA00166.1	3557	3	171935933			PZA00166	AY105819	AY105819	random	9863	10616	1	1	1
PZA00166.3	3697	3	171935683			PZA00166	AY105819	AY105819	random	7713	10617	0	0	0
PZA00201.2	3729	3	197456470			PZA00201	AY105705	AY105705	random	7735	10650	1	1	1
PZA00210.1	3732	3	29693561			PZA00210	AY105688	AY105688	random	9868	10654	1	1	1
PZA00210.6	3733	3	29693448			PZA00210	AY105688	AY105688	random	7736	10655	0	0	0
PZA00219.7	3745	3	219309085			PZA00219	AY109476	AY109476	random	9873	10666	1	1	1
PZA00220.11	3746	3	206760693			PZA00220	AY105675	AY105675	random	7740	10667	1	1	1
PZA00220.12	10992	3	206760843			PZA00220	AY105675	AY105675	random	9874	10668	0	0	0
PZA00232.24	3758	3	95541392			PZA00232	AY105631	AY105631	random	7744	10676	1	1	1
PZA00234.21	3761	3	221730615			PZA00234	AY109137	AY109137	random	7745	10677	1	1	1
PZA00254.3	3775	3	139668467			PZA00254	AY108906	AY108906	random	9885	10699	1	1	1
PZA00297.2	3811	3	39992968			PZA00297	AY108555	AY108555	random	7769	10723	1	1	1
PZA00297.3	3570	3	39992991			PZA00297	AY108555	AY108555	random	7770	10724	0	0	0
PZA00297.4	11079	3	39993067			PZA00297	AY108555	AY108555	random	9894	10725	0	0	0
PZA00303.19	3814	3	187604432			PZA00303	AY108531	AY108531	random	7774	10738	1	1	1
PZA00303.21	11093	3	187604290			PZA00303	AY108531	AY108531	random	9900	10739	0	0	0
PZA00309.2	11108	3	1240409			PZA00309	AY108494	AY108494	random	9903	10744	1	1	1
PZA00380.5	3868	3	39489976			PZA00380	AY108088	AY108088	random	7794	10795	1	1	1
PZA00380.7	3869	3	39490060			PZA00380	AY108088	AY108088	random	7795	10796	0	0	0
PZA00391.2	3879	3	157104591			PZA00391	AY107984	AY107984	random	7802	10809	1	1	1
PZA00413.17	3897	3	125192483			PZA00413	AY107869	AY107869	random	7816	10828	1	1	1
PZA00413.18	11216	3	125192339			PZA00413	AY107869	AY107869	random	9932	10829	0	0	0
PZA00413.21	11219	3	125192462			PZA00413	AY107869	AY107869	random	9933	10830	0	0	0
PZA00420.4	11225	3	226872236			PZA00420	AY107833	AY107833	random	9935	10835	1	1	1
PZA00458.6	3940	3	5480980			PZA00458	AY107536	AY107536	random	7835	10862	1	1	1
PZA00480.10	3959	3	22952214			PZA00480	AY107424	AY107424	random	7852	10889	1	1	1
PZA00538.12	7662	3	206889384			PZA00538	AY112544	AY112544	random	9976	10956	1	1	1
PZA00538.16	11370	3	206889649			PZA00538	AY112544	AY112544	random	9977	10957	0	0	0
PZA00538.8	6048	3	206889455			PZA00538	AY112544	AY112544	random	7884	10960	0	0	0
PZA00565.3	4025	3	73140552			PZA00565	AY112270	AY112270	random	7895	10980	1	1	1
PZA00586.1	4047	3	185989508			PZA00586	AY107051	AY107051	random	7900	10989	1	1	1
PZA00608.1	4061	3	67283995			PZA00608	AY106948	AY106948	random	7909	11005	1	1	1
PZA00608.5	4062	3	67284085			PZA00608	AY106948	AY106948	random	7910	11006	0	0	0
PZA00615.3	4070	3	1882847			PZA00615	AY106886	AY106886	random	7913	11012	1	1	1
PZA00615.6	4071	3	1882706			PZA00615	AY106886	AY106886	random	7914	11013	0	0	0
PZA00615.8	11460	3	1882683			PZA00615	AY106886	AY106886	random	9991	11014	0	0	0
PZA00618.22	11462	3	189138110			PZA00618	AY106876	AY106876	random	9993	11018	1	1	1
PZA00621.2	4079	3	69079684			PZA00621	AY106849	AY106849	random	7918	11021	1	1	1
PZA00667.1	4117	3	161516074			PZA00667	AY106743	AY106743	random	7937	11061	1	1	1
PZA00719.1	4167	3	140524287			PZA00719	AY111546	AY111546	random	7957	11098	1	1	1
PZA00719.2	4168	3	140524105			PZA00719	AY111546	AY111546	random	7958	11099	0	0	0
PZA00719.3	6694	3	140523988			PZA00719	AY111546	AY111546	random	7959	11100	0	0	0
PZA01420.1	6930	3	106632816			PZA01420	AY106371	AY106371	random	7980	11129	1	1	1
PZA01420.2	6931	3	106632820			PZA01420	AY106371	AY106371	random	7981	11130	0	0	0
PZA01420.3	6932	3	106632849			PZA01420	AY106371	AY106371	random	7982	11131	0	0	0
PZA02789.31	4186	3	222114627			PZA02789	AY105285	AY105285	random	7991	11143	1	1	1
PZA02789.36	4187	3	222114560			PZA02789	AY105285	AY105285	random	7992	11144	0	0	0
PZA02824.1	4217	3	217329679			PZA02824	AY105140	AY105140	random	10022	11169	1	1	1
PZA02824.3	4218	3	217329647			PZA02824	AY105140	AY105140	random	8004	11170	0	0	0
PZA02856.1	6104	3	155258569			PZA02856	AY104948	AY104948	random	8013	11184	1	1	1
PZA02888.3	4258	3	134850306			PZA02888	AY104816	AY104816	random	8019	11194	1	1	1
PZA02906.12	11638	3	144466218			PZA02906	AY104728	AY104728	random	10028	11201	1	1	1
PZA02906.7	4265	3	144466196	Approximate: 5 prime BLAST start of amplicon plus 50 bases		PZA02906	AY104728	AY104728	random	10029	11202	0	0	0
PZA02923.7	4270	3	160467612			PZA02923	AY104661	AY104661	random	8026	11204	1	1	1
PZA02952.10	4290	3	194250329			PZA02952	AY104519	AY104519	random	10035	11226	1	1	1
PZA03009.5	4342	3	11414308			PZA03009	AY104236	AY104236	random	8056	11252	1	1	1
PZA03009.6	4343	3	11414383			PZA03009	AY104236	AY104236	random	8057	11253	0	0	0
PZA03009.7	4344	3	11414423			PZA03009	AY104236	AY104236	random	8058	11254	0	0	0
PZA03009.8	11689	3	11414470			PZA03009	AY104236	AY104236	random	10042	11255	0	0	0
PZA03011.6	4345	3	201790247			PZA03011	AY104197	AY104197	random	8059	11256	1	1	1
PZA03032.16	4365	3	171364514			PZA03032	AY104108	AY104108	random	10047	11272	1	1	1
PZA03054.3	4391	3	31695569			PZA03054	AY104021	AY104021	random	8079	11297	1	1	1
PZA03054.5	4392	3	31695534			PZA03054	AY104021	AY104021	random	10056	11298	0	0	0
PZA03073.23	4412	3	168443677			PZA03073	AY103945	AY103945	random	10062	11313	1	1	1
PZA03073.24	4413	3	168443701			PZA03073	AY103945	AY103945	random	8087	11314	0	0	0
PZA03283.2	5769	3	7602160			PZA03283	MIR156b	MIR156b	candidate	8107	11347	1	1	1
PZA03302.1	5810	3	115392917			PZA03302	MIR167a	MIR167a	candidate	8118	11360	1	1	1
PZA03349.1	5908	3	209957849			PZA03349	ath-miR168	ath-miR168	candidate	8152	11396	1	1	1
PZA03349.9	6678	3	209957628			PZA03349	ath-miR168	ath-miR168	candidate	8153	11397	0	0	0
PZA03773.2	6998	3	106631676			PZA03773	NULL	PZA03456	candidate	8188	11435	1	0	1
PZA03773.3	6999	3	106631769			PZA03773	NULL	PZA03456	candidate	8189	11436	0	0	0
PZB00060.4	6131	3	129381947			PZB00060	CF015907	CF015907	candidate	8196	11457	1	1	1
PZB01109.2	5716	3	194643852			PZB01109	AZM4_90485	AZM4_90485	candidate	8278	11643	1	1	1
PZB01109.3	6239	3	194643970			PZB01109	AZM4_90485	AZM4_90485	candidate	8279	11644	0	0	0
PZB01223.3	5754	3	192865132			PZB01223	AZM4_14818	AZM4_14818	candidate	8299	11673	1	1	1
PZB01223.4	6266	3	192865213			PZB01223	AZM4_14818	AZM4_14818	candidate	8300	11674	0	0	0
PZB01223.7	6269	3	192864975			PZB01223	AZM4_14818	AZM4_14818	candidate	10088	11676	0	0	0
PZB01463.2	6298	3	157318000			PZB01463	AY104147	AY104147	candidate	8314	11700	1	1	1
PZB01463.3	6299	3	157318250			PZB01463	AY104147	AY104147	candidate	8315	11701	0	0	0
PZB01463.4	6300	3	157318105			PZB01463	AY104147	AY104147	candidate	8316	11702	0	0	0
PZD00003.1	6306	3	161572452			PZD00003	M60214	M60214	candidate	10091	11703	1	1	1
PZD00003.3	6308	3	161572823			PZD00003	M60214	M60214	candidate	8317	11704	0	0	0
PZD00007.1	6312	3	163618708			PZD00007	AF348319	AF348319	candidate	8319	11706	1	1	1
PZD00008.3	6315	3	163617500			PZD00008	AF348319	AF348319	candidate	8320	11707	1	0	0
PZD00013.3	6332	3	133484983			PZD00013	X80206	X80206	candidate	8327	11717	1	1	1
PZD00013.4	6333	3	133484968			PZD00013	X80206	X80206	candidate	8328	11718	0	0	0
PZD00014.3	6336	3	133482411			PZD00014	X80206	X80206	candidate	8329	11719	1	0	0
sh2.5	6456	3	214841045			sh2	sh2	sh2	candidate	8420	11805	1	1	1
sh2.6	6457	3	214840985			sh2	sh2	sh2	candidate	10101	11806	0	0	0
sh2.7	6458	3	214840411			sh2	sh2	sh2	candidate	8421	11807	0	0	0
sh2.9	6460	3	214841109			sh2	sh2	sh2	candidate	8422	11808	0	0	0
te1.3	3503	3	163617892			te1	AF348319	te1	candidate	10103	11819	1	0	1
te1.4	3504	3	163617645			te1	AF348319	te1	candidate	8431	11820	0	0	0
