bt2.5	5983	4	66290049			bt2	bt2	bt2	candidate	8401	10486	1	1	1
bt2.7	5985	4	66290994			bt2	bt2	bt2	candidate	8402	10487	0	0	0
bt2.8	5986	4	66290755			bt2	bt2	bt2	candidate	8403	10488	0	0	0
Fea2.1	5733	4	132735271			Fea2	fea2	fea2	candidate	8404	10489	1	1	1
Fea2.5	5737	4	132734849			Fea2	fea2	fea2	candidate	8405	10493	0	0	0
PZA00005.8	10816	4	243003350			PZA00005	AY106622	AY106622	random	9834	10509	1	1	1
PZA00005.9	10817	4	243003494			PZA00005	AY106622	AY106622	random	9835	10510	0	0	0
PZA00051.2	3630	4	245051649	Approximate: position of another SNP from the same amplicon plus 100 bases		PZA00051	AY106348	AY106348	random	7673	10536	1	1	1
PZA00078.2	3639	4	18502179			PZA00078	AY106207	AY106207	random	9839	10544	1	1	1
PZA00092.1	3543	4	113503659			PZA00092	AY106115	AY106115	random	7686	10554	1	1	1
PZA00092.5	3645	4	113503635			PZA00092	AY106115	AY106115	random	7687	10555	0	0	0
PZA00125.2	3677	4	36047409			PZA00125	AY106061	AY106061	random	7702	10591	1	1	1
PZA00139.14	3688	4	20065054			PZA00139	AY105977	AY105977	random	7706	10601	1	1	1
PZA00193.2	3724	4	197964459			PZA00193	AY109777	AY109777	random	7731	10643	1	1	1
PZA00216.9	10988	4	2589400			PZA00216	AY109508	AY109508	random	9870	10662	1	1	1
PZA00218.1	3742	4	78946415			PZA00218	AY105676	AY105676	random	9871	10663	1	1	1
PZA00218.6	3743	4	78946482			PZA00218	AY105676	AY105676	random	9872	10664	0	0	0
PZA00315.1	3820	4	39975317			PZA00315	AY108480	AY108480	random	7779	10748	1	1	1
PZA00315.6	3821	4	39975220			PZA00315	AY108480	AY108480	random	9904	10749	0	0	0
PZA00332.8	11129	4	194749351			PZA00332	AY108396	AY108396	random	9909	10757	1	1	1
PZA00332.9	11130	4	194749371			PZA00332	AY108396	AY108396	random	9910	10758	0	0	0
PZA00344.10	3841	4	193202013			PZA00344	AY108287	AY108287	random	7787	10765	1	1	1
PZA00436.7	3583	4	6401332			PZA00436	AY107692	AY107692	random	7826	10849	1	1	1
PZA00445.18	3927	4	49713883			PZA00445	AY107628	AY107628	random	7832	10858	1	1	1
PZA00493.1	11295	4	multiple		Chr4(241144995;241178306);	PZA00493	AY107331	AY107331	random	9954	10898	1	1	1
PZA00493.2	11296	4	multiple		Chr4(241145101;241178412);	PZA00493	AY107331	AY107331	random	9955	10899	0	0	0
PZA00493.5	11299	4	multiple		Chr4(241145151;241178462);	PZA00493	AY107331	AY107331	random	9956	10901	0	0	0
PZA00523.2	3998	4	148408488			PZA00523	AY107187	AY107187	random	7876	10938	1	1	1
PZA00529.3	11360	4	240769180			PZA00529	AY112612	AY112612	random	9973	10948	1	1	1
PZA00630.9	4087	4	103665461			PZA00630	AY106837	AY106837	random	7922	11030	1	1	1
PZA00636.6	4094	4	226884613			PZA00636	AY106822	AY106822	random	7924	11034	0	0	0
PZA00644.11	4100	4	25192009			PZA00644	AY112085	AY112085	random	7929	11044	1	1	1
PZA00662.3	4114	4	123175449			PZA00662	AY112031	AY112031	random	7935	11059	1	1	1
PZA00682.2	4130	4	244992844			PZA00682	AY111822	AY111822	random	7944	11069	1	1	1
PZA00700.3	4145	4	2852810			PZA00700	AY111773	AY111773	random	7950	11083	1	1	1
PZA00704.11	4151	4	128552748			PZA00704	AY111763	AY111763	random	7951	11084	1	1	1
PZA00726.6	4173	4	60767943			PZA00726	AY111503	AY111503	random	7965	11106	1	1	1
PZA00726.7	4174	4	60767994			PZA00726	AY111503	AY111503	random	7966	11107	0	0	0
PZA00726.9	11568	4	60767888			PZA00726	AY111503	AY111503	random	10013	11108	0	0	0
PZA01240.1	6089	4	19461458			PZA01240	AY109119	AY109119	random	7977	11127	1	1	1
PZA01240.2	6090	4	19461323			PZA01240	AY109119	AY109119	random	7978	11128	0	0	0
PZA01637.2	6938	4	180274135			PZA01637	AY105850	AY105850	random	7984	11134	1	1	1
PZA01637.3	6939	4	180273993			PZA01637	AY105850	AY105850	random	7985	11135	0	0	0
PZA01637.4	6940	4	180273983			PZA01637	AY105850	AY105850	random	7986	11136	0	0	0
PZA02819.35	4211	4	172692287			PZA02819	AY105180	AY105180	random	8002	11163	1	1	1
PZA02825.8	11618	4	173687507			PZA02825	AY105129	AY105129	random	10025	11173	1	1	1
PZA02865.11	4248	4	220857872			PZA02865	AY104927	AY104927	random	8015	11187	1	1	1
PZA02938.5	4273	4	75728833			PZA02938	AY104587	AY104587	random	8028	11206	1	1	1
PZA02949.22	4288	4	185103471			PZA02949	AY104530	AY104530	random	8034	11224	1	1	1
PZA02949.26	6700	4	185103474			PZA02949	AY104530	AY104530	random	8035	11225	0	0	0
PZA02968.4	4308	4	38941090			PZA02968	AY104446	AY104446	random	8041	11236	1	1	1
PZA02972.1	6701	4	2848110			PZA02972	AY104439	AY104439	random	8043	11239	1	1	1
PZA02982.5	4316	4	148401074			PZA02982	AY104386	AY104386	random	8044	11240	1	1	1
PZA02982.6	4317	4	148401263			PZA02982	AY104386	AY104386	random	8045	11241	0	0	0
PZA02988.2	4322	4	133757006			PZA02988	AY104345	AY104345	random	8048	11244	1	1	1
PZA03013.7	4349	4	139753			PZA03013	AY104189	AY104189	random	8061	11258	1	1	1
PZA03013.8	4350	4	139810			PZA03013	AY104189	AY104189	random	8062	11259	0	0	0
PZA03017.10	4354	4	243222842			PZA03017	AY104160	AY104160	random	10044	11265	1	1	1
PZA03017.11	11696	4	243222845			PZA03017	AY104160	AY104160	random	10045	11266	0	0	0
PZA03081.1	4421	4	215393350			PZA03081	AY103898	AY103898	random	8089	11319	1	1	1
PZA03081.10	7829	4	215393294			PZA03081	AY103898	AY103898	random	10064	11320	0	0	0
PZA03081.11	11739	4	215393400	Approximate: position of another SNP from the same amplicon plus 50 bases		PZA03081	AY103898	AY103898	random	10065	11321	0	0	0
PZA03081.13	11741	4	215393136			PZA03081	AY103898	AY103898	random	10066	11323	0	0	0
PZA03081.6	4422	4	215393255			PZA03081	AY103898	AY103898	random	8090	11324	0	0	0
PZA03311.2	5829	4	153293139			PZA03311	miR394a	miR394a	candidate	8122	11363	1	1	1
PZA03311.3	5830	4	153293180			PZA03311	miR394a	miR394a	candidate	8123	11364	0	0	0
PZA03311.4	5831	4	153293452			PZA03311	miR394a	miR394a	candidate	8124	11365	0	0	0
PZA03311.5	5832	4	153293454			PZA03311	miR394a	miR394a	candidate	8125	11366	0	0	0
PZA03337.1	5875	4	47028353	Approximate: position of another SNP from the same amplicon plus 50 bases		PZA03337	ath-miR169	ath-miR169	candidate	8142	11383	1	0	0
PZA03347.1	5902	4	153293324			PZA03347	ath-miR394	ath-miR394	candidate	10073	11393	1	1	1
PZB00092.1	5378	4	156289818			PZB00092	BM660941	BM660941	candidate	8209	11479	1	1	1
PZB00092.4	6149	4	156289793			PZB00092	BM660941	BM660941	candidate	8211	11480	0	0	0
PZB00093.3	6150	4	122796119			PZB00093	CD985862	CD985862	candidate	8212	11482	1	1	1
PZB00093.4	6151	4	122796274			PZB00093	CD985862	CD985862	candidate	8213	11483	0	0	0
PZB00093.6	6153	4	122796096			PZB00093	CD985862	CD985862	candidate	8214	11484	0	0	0
PZB00153.1	5404	4	122795391			PZB00153	BG410414	BG410414	candidate	8222	11498	1	1	1
PZB00153.2	5405	4	122795343			PZB00153	BG410414	BG410414	candidate	10082	11499	0	0	0
PZB00153.3	6171	4	122795421			PZB00153	BG410414	BG410414	candidate	8223	11500	0	0	0
PZB00153.5	6173	4	122795210			PZB00153	BG410414	BG410414	candidate	8224	11501	0	0	0
PZB00229.3	6208	4	156289504			PZB00229	BM660811	BM660811	candidate	8248	11544	1	1	1
PZB01113.4	6251	4	146239224			PZB01113	AZM4_106873	AZM4_106873	candidate	8290	11660	1	1	1
PZD00030.1	6368	4	177974968			PZD00030	zmm19	zmm19	candidate	8345	11737	1	1	1
PZD00030.4	6371	4	177975924			PZD00030	zmm19	zmm19	candidate	8346	11738	0	0	0
PZD00030.5	6372	4	177976199			PZD00030	zmm19	zmm19	candidate	8347	11739	0	0	0
PZD00030.6	6373	4	177975706			PZD00030	zmm19	zmm19	candidate	8348	11740	0	0	0
PZD00067.1	6435	4	132735656			PZD00067	fae2	fae2	candidate	8370	11764	1	1	1
PZD00067.2	6436	4	132735191			PZD00067	fae2	fae2	candidate	8371	11765	0	0	0
PZD00067.3	6437	4	132735518			PZD00067	fae2	fae2	candidate	8372	11766	0	0	0
su1.4	5706	4	41189019			su1	su1	su1	candidate	8423	11812	1	1	1
su1.5	6587	4	41198386			su1	su1	su1	candidate	8424	11813	0	0	0
su1.7	6589	4	41196048			su1	su1	su1	candidate	8425	11814	0	0	0
