ae1.3	6605	5	167889790			ae1	ae1	ae1	candidate	8395	10477	1	1	1
ae1.4	6606	5	167889682			ae1	ae1	ae1	candidate	8396	10478	0	0	0
ae1.5	6607	5	167889821			ae1	ae1	ae1	candidate	8397	10479	0	0	0
PZA00004.2	3528	5	13542371			PZA00004	AY106625	AY106625	random	7650	10508	1	1	1
PZA00031.5	3617	5	123268237			PZA00031	AY106496	AY106496	random	7664	10525	1	1	1
PZA00069.4	3538	5	214424975			PZA00069	AY106236	AY106236	random	7678	10542	1	1	1
PZA00191.5	3558	5	2123914			PZA00191	AY109780	AY109780	random	7729	10638	1	1	1
PZA00249.2	3771	5	100227859			PZA00249	AY108927	AY108927	random	7752	10696	1	1	1
PZA00255.15	3777	5	169719615			PZA00255	AY108754	AY108754	random	7755	10700	1	1	1
PZA00255.17	11030	5	169719715			PZA00255	AY108754	AY108754	random	9887	10701	0	0	0
PZA00261.6	3786	5	75234294			PZA00261	AY105608	AY105608	random	7759	10708	1	1	1
PZA00273.1	11046	5	83357417			PZA00273	AY105487	AY105487	random	9891	10712	1	1	1
PZA00300.12	6019	5	171689147			PZA00300	AY108540	AY108540	random	9897	10732	1	1	1
PZA00300.13	6020	5	171689041			PZA00300	AY108540	AY108540	random	9898	10733	0	0	0
PZA00300.14	6021	5	171688876			PZA00300	AY108540	AY108540	random	7772	10734	0	0	0
PZA00300.16	11089	5	171689181			PZA00300	AY108540	AY108540	random	9899	10735	0	0	0
PZA00345.15	3842	5	61898524			PZA00345	AY108281	AY108281	random	9913	10766	1	1	1
PZA00352.22	3847	5	191075724			PZA00352	AY108254	AY108254	random	9918	10776	1	1	1
PZA00395.1	3882	5	202847226			PZA00395	AY107939	AY107939	random	7806	10815	1	1	1
PZA00395.2	3579	5	202847197			PZA00395	AY107939	AY107939	random	7807	10816	0	0	0
PZA00401.11	3887	5	55324334			PZA00401	AY107930	AY107930	random	7809	10819	1	1	1
PZA00401.6	3888	5	55324262			PZA00401	AY107930	AY107930	random	7810	10820	0	0	0
PZA00406.1	6689	5	91466580			PZA00406	AY107907	AY107907	random	7811	10821	1	1	1
PZA00407.9	6043	5	48828227			PZA00407	AY107903	AY107903	random	7812	10822	1	1	1
PZA00408.7	3892	5	214442805			PZA00408	AY107896	AY107896	random	7813	10823	1	1	1
PZA00433.5	3917	5	213271532			PZA00433	AY107768	AY107768	random	7825	10848	1	1	1
PZA00449.2	3931	5	37511797			PZA00449	AY107589	AY107589	random	7833	10860	1	1	1
PZA00470.1	3947	5	169327292			PZA00470	AY107482	AY107482	random	7842	10873	1	1	1
PZA00472.2	3950	5	62415995			PZA00472	AY107475	AY107475	random	7844	10878	1	1	1
PZA00499.10	3591	5	34586816			PZA00499	AY107306	AY107306	random	7864	10912	1	1	1
PZA00499.12	11306	5	34586858			PZA00499	AY107306	AY107306	random	9962	10913	0	0	0
PZA00499.3	3977	5	34586850			PZA00499	AY107306	AY107306	random	7865	10914	0	0	0
PZA00517.6	3994	5	18240488			PZA00517	AY107219	AY107219	random	7875	10936	1	1	1
PZA00522.12	11345	5	57933548			PZA00522	AY107192	AY107192	random	9969	10937	1	1	1
PZA00545.21	4013	5	206665028			PZA00545	AY112436	AY112436	random	7889	10964	1	1	1
PZA00545.22	11382	5	206664914			PZA00545	AY112436	AY112436	random	9979	10965	0	0	0
PZA00545.4	4014	5	206664777			PZA00545	AY112436	AY112436	random	7890	10967	0	0	0
PZA00547.13	11389	5	92862674			PZA00547	AY112430	AY112430	random	9980	10968	1	1	1
PZA00547.18	11394	5	92862265			PZA00547	AY112430	AY112430	random	9981	10971	0	0	0
PZA00573.3	4038	5	160173922			PZA00573	AY112189	AY112189	random	9982	10984	1	1	1
PZA00595.3	4055	5	165094873			PZA00595	AY106985	AY106985	random	7906	11001	1	1	1
PZA00603.1	4059	5	183706112			PZA00603	AY106964	AY106964	random	7908	11004	1	1	1
PZA00626.3	4082	5	66131744			PZA00626	AY106844	AY106844	random	7920	11028	1	1	1
PZA00626.4	4083	5	66131678			PZA00626	AY106844	AY106844	random	7921	11029	0	0	0
PZA00674.3	4122	5	168637658			PZA00674	AY111916	AY111916	random	7940	11065	1	1	1
PZA00684.12	4133	5	920922			PZA00684	AY111819	AY111819	random	7945	11072	1	1	1
PZA00710.1	4158	5	61492543			PZA00710	AY111689	AY111689	random	7953	11088	1	1	1
PZA00710.16	11557	5	61492683			PZA00710	AY111689	AY111689	random	10012	11090	0	0	0
PZA00715.3	4165	5	192778685			PZA00715	AY111570	AY111570	random	7955	11095	1	1	1
PZA01182.1	6927	5	162159968			PZA01182	AY107952	AY107952	random	7976	11126	1	1	1
PZA02792.16	4191	5	21771297			PZA02792	AY105273	AY105273	random	7994	11146	1	1	1
PZA02792.9	4193	5	21771433			PZA02792	AY105273	AY105273	random	10019	11151	0	0	0
PZA02807.5	4196	5	167939710			PZA02807	AY105206	AY105206	random	7997	11154	1	1	1
PZA02820.6	4213	5	200813312			PZA02820	AY105176	AY105176	random	10021	11166	1	1	1
PZA02822.2	4216	5	148711030			PZA02822	AY105153	AY105153	random	8003	11168	1	1	1
PZA02894.1	4262	5	945545			PZA02894	AY104790	AY104790	random	8023	11198	1	1	1
PZA03024.16	4359	5	198534153			PZA03024	AY104127	AY104127	random	8065	11268	1	1	1
PZA03024.18	11702	5	198534192			PZA03024	AY104127	AY104127	random	10046	11269	0	0	0
PZA03024.7	4360	5	198534067			PZA03024	AY104127	AY104127	random	8066	11270	0	0	0
PZA03034.1	6703	5	6784084			PZA03034	AY104090	AY104090	random	8068	11275	1	1	1
PZA03042.1	4374	5	64413079			PZA03042	AY104065	AY104065	random	8072	11281	1	1	1
PZA03042.5	4375	5	64413280			PZA03042	AY104065	AY104065	random	8073	11282	0	0	0
PZA03046.2	4378	5	3194673			PZA03046	AY104052	AY104052	random	8074	11283	1	1	1
PZA03046.3	4379	5	3194670			PZA03046	AY104052	AY104052	random	8075	11284	0	0	0
PZA03049.23	4387	5	88604674			PZA03049	AY104044	AY104044	random	10053	11291	1	1	1
PZA03092.7	4431	5	11992708			PZA03092	AY103848	AY103848	random	8094	11330	1	1	1
PZA03094.18	11748	5	173094139			PZA03094	AY103841	AY103841	random	10067	11331	1	1	1
PZA03094.6	4434	5	173094351			PZA03094	AY103841	AY103841	random	8095	11332	0	0	0
PZA03095.1	6105	5	65742112			PZA03095	AY103840	AY103840	random	8096	11333	1	1	1
PZA03095.2	6106	5	65742301			PZA03095	AY103840	AY103840	random	8097	11334	0	0	0
PZA03095.3	6107	5	65742041			PZA03095	AY103840	AY103840	random	8098	11335	0	0	0
PZA03172.2	5220	5	188293932			PZA03172	MAGI_107879	MAGI_107879	candidate	8104	11344	1	1	1
PZA03284.3	6620	5	91651999			PZA03284	MIR156d	MIR156d	candidate	8108	11348	1	1	1
PZA03298.1	5798	5	21811793			PZA03298	MIR166d	MIR166d	candidate	8115	11355	1	1	1
PZA03298.2	5799	5	21811770			PZA03298	MIR166d	MIR166d	candidate	10071	11356	0	0	0
PZA03312.1	5834	5	193296408			PZA03312	miR394b	miR394b	candidate	8126	11367	1	1	1
PZA03312.2	5835	5	193296367			PZA03312	miR394b	miR394b	candidate	8127	11368	0	0	0
PZA03320.3	6641	5	190229872			PZA03320	ath-miR156	ath-miR156	candidate	8133	11373	1	0	0
PZA03320.4	6642	5	190229809			PZA03320	ath-miR156	ath-miR156	candidate	8134	11374	0	0	0
PZA03335.2	5873	5	210890886			PZA03335	ath-miR169	ath-miR169	candidate	8140	11381	1	1	1
PZA03335.3	6656	5	210890712			PZA03335	ath-miR169	ath-miR169	candidate	8141	11382	0	0	0
PZA03340.2	5886	5	20201009			PZA03340	ath-miR171	ath-miR171	candidate	8144	11385	1	1	1
PZA03774.1	6979	5	180804966			PZA03774	CL6994_-2	CL6994_-2	candidate	8173	11419	1	1	1
PZA03774.10	6988	5	180807590			PZA03774	CL6994_-2	CL6994_-2	candidate	8174	11420	0	0	0
PZA03774.2	6980	5	180805978			PZA03774	CL6994_-2	CL6994_-2	candidate	8175	11421	0	0	0
PZA03774.4	6982	5	180806519			PZA03774	CL6994_-2	CL6994_-2	candidate	8176	11422	0	0	0
PZA03774.5	6983	5	180806661			PZA03774	CL6994_-2	CL6994_-2	candidate	8177	11423	0	0	0
PZA03774.6	6984	5	180806934			PZA03774	CL6994_-2	CL6994_-2	candidate	8178	11424	0	0	0
PZA03774.8	6986	5	180807207			PZA03774	CL6994_-2	CL6994_-2	candidate	8179	11425	0	0	0
PZA03774.9	6987	5	180807381			PZA03774	CL6994_-2	CL6994_-2	candidate	8180	11426	0	0	0
PZA03781.1	6989	5	162157784			PZA03781	NULL	PZA03455	candidate	8181	11427	1	0	1
PZA03781.2	6990	5	162158231			PZA03781	NULL	PZA03455	candidate	10077	11428	0	0	0
PZA03781.3	6991	5	162158331			PZA03781	NULL	PZA03455	candidate	8182	11429	0	0	0
PZA03781.4	6992	5	162158551			PZA03781	NULL	PZA03455	candidate	8183	11430	0	0	0
PZA03781.5	6993	5	162158783			PZA03781	NULL	PZA03455	candidate	8184	11431	0	0	0
PZA03781.6	6994	5	162159069			PZA03781	NULL	PZA03455	candidate	8185	11432	0	0	0
PZA03781.7	6995	5	162159272			PZA03781	NULL	PZA03455	candidate	8186	11433	0	0	0
PZA03781.8	6996	5	162159448			PZA03781	NULL	PZA03455	candidate	8187	11434	0	0	0
PZA03782.1	6976	5	80011012			PZA03782	CL27617_1	CL27617_1	candidate	8171	11417	1	1	1
PZA03782.3	6978	5	80011658			PZA03782	CL27617_1	CL27617_1	candidate	8172	11418	0	0	0
PZB00081.2	5367	5	6960836			PZB00081	CF243587	CF243587	candidate	8204	11472	1	1	1
PZB00081.4	5369	5	6960673			PZB00081	CF243587	CF243587	candidate	8205	11474	0	0	0
PZB00081.5	5370	5	6961472			PZB00081	CF243587	CF243587	candidate	8206	11475	0	0	0
PZB00081.7	6146	5	6960889			PZB00081	CF243587	CF243587	candidate	8208	11476	0	0	0
PZB00136.3	6162	5	184587467			PZB00136	AZM3_105597	AZM3_105597	candidate	8217	11491	1	1	1
PZB00180.1	6192	5	80010049			PZB00180	BM079462	BM079462	candidate	8241	11523	1	1	1
PZB00180.2	6193	5	80010397			PZB00180	BM079462	BM079462	candidate	8242	11524	0	0	0
PZB00232.1	5467	5	63417714			PZB00232	BG836523	BG836523	candidate	8250	11546	1	1	1
PZB00232.2	5468	5	63418190			PZB00232	BG836523	BG836523	candidate	8251	11547	0	0	0
PZB00232.4	6210	5	63418034			PZB00232	BG836523	BG836523	candidate	8252	11549	0	0	0
PZB00232.5	6211	5	63418171			PZB00232	BG836523	BG836523	candidate	8253	11550	0	0	0
PZB00498.2	6226	5	88120483			PZB00498	AJ011614	AJ011614	candidate	8265	11571	1	1	1
PZB00498.4	6228	5	88120268			PZB00498	AJ011614	AJ011614	candidate	8266	11572	0	0	0
PZB01112.3	5723	5	68420111			PZB01112	AZM4_52718	AZM4_52718	candidate	8285	11656	1	1	1
PZB01112.4	6247	5	68419601			PZB01112	AZM4_52718	AZM4_52718	candidate	8286	11657	0	0	0
PZB01112.5	6248	5	68419948			PZB01112	AZM4_52718	AZM4_52718	candidate	8287	11658	0	0	0
PZB01112.6	6249	5	68419832			PZB01112	AZM4_52718	AZM4_52718	candidate	8288	11659	0	0	0
PZB01115.1	5729	5	60964602			PZB01115	AZM4_124830	AZM4_124830	candidate	10087	11664	1	1	1
PZB01115.5	6254	5	60964409			PZB01115	AZM4_124830	AZM4_124830	candidate	8293	11665	0	0	0
PZB01115.6	6255	5	60964310			PZB01115	AZM4_124830	AZM4_124830	candidate	8294	11666	0	0	0
PZB01116.2	6256	5	119741405			PZB01116	AZM4_33193	AZM4_33193	candidate	8295	11667	1	1	1
PZD00017.1	6343	5	195724313			PZD00017	zag3	zag3	candidate	8331	11720	1	1	1
