PZA00003.11	3603	6	121839592			PZA00003	AY106628	AY106628	random	7649	10505	1	1	1
PZA00006.13	3606	6	85125129			PZA00006	AY106617	AY106617	random	7651	10511	1	1	1
PZA00006.14	10819	6	85125156			PZA00006	AY106617	AY106617	random	9836	10512	0	0	0
PZA00041.3	3534	6	122849505			PZA00041	AY106443	AY106443	random	7665	10526	1	1	1
PZA00042.2	3619	6	157129313			PZA00042	AY106421	AY106421	random	7666	10527	1	1	1
PZA00042.5	3535	6	157129197			PZA00042	AY106421	AY106421	random	7667	10528	0	0	0
PZA00182.3	3712	6	113705266			PZA00182	AY105767	AY105767	random	7724	10628	1	1	1
PZA00182.4	3713	6	113705211			PZA00182	AY105767	AY105767	random	7725	10629	0	0	0
PZA00198.39	3726	6	164470369			PZA00198	AY105732	AY105732	random	7732	10645	1	1	1
PZA00212.1	3735	6	71680344			PZA00212	AY105681	AY105681	random	7737	10658	1	1	1
PZA00214.1	3738	6	91704093			PZA00214	AY109567	AY109567	random	7739	10660	1	1	1
PZA00241.6	3766	6	150470602			PZA00241	AY109097	AY109097	random	7749	10689	1	1	1
PZA00250.1	3772	6	133090099			PZA00250	AY108917	AY108917	random	7753	10697	1	1	1
PZA00266.5	3789	6	161570166			PZA00266	AY105541	AY105541	random	7760	10710	1	1	1
PZA00355.1	6687	6	78756195	Approximate: position of another SNP from the same amplicon plus 50 bases		PZA00355	AY108249	AY108249	random	7790	10777	1	1	1
PZA00355.2	6688	6	78756245	Approximate: position of another SNP from the same amplicon plus 100 bases		PZA00355	AY108249	AY108249	random	7791	10778	0	0	0
PZA00382.17	3871	6	118741714			PZA00382	AY108077	AY108077	random	9926	10801	1	1	1
PZA00439.6	3921	6	141805491			PZA00439	AY107668	AY107668	random	7827	10850	1	1	1
PZA00440.1	3922	6	22404308			PZA00440	AY107667	AY107667	random	7828	10851	1	1	1
PZA00462.2	3587	6	36605422			PZA00462	AY107521	AY107521	random	7838	10867	1	1	1
PZA00489.1	3590	6	51443123			PZA00489	AY107342	AY107342	random	7859	10897	1	1	1
PZA00501.12	3980	6	23874393			PZA00501	AY107295	AY107295	random	7866	10915	1	1	1
PZA00501.14	11308	6	23874474			PZA00501	AY107295	AY107295	random	9963	10916	0	0	0
PZA00503.5	3982	6	12075777			PZA00503	AY107287	AY107287	random	7867	10919	1	1	1
PZA00510.2	3988	6	131576099			PZA00510	AY107244	AY107244	random	9967	10928	1	1	1
PZA00510.3	3989	6	131576037			PZA00510	AY107244	AY107244	random	7870	10929	0	0	0
PZA00536.2	3597	6	124027590			PZA00536	AY112552	AY112552	random	7883	10955	1	1	1
PZA00543.2	3599	6	80533898			PZA00543	AY112456	AY112456	random	7885	10961	1	1	1
PZA00543.4	4011	6	80534176			PZA00543	AY112456	AY112456	random	7886	10962	0	0	0
PZA00543.5	6052	6	80534244			PZA00543	AY112456	AY112456	random	7887	10963	0	0	0
PZA00578.1	4039	6	92705503			PZA00578	AY107154	AY107154	random	9983	10985	1	1	1
PZA00582.4	4044	6	62407447			PZA00582	AY107121	AY107121	random	7899	10988	1	1	1
PZA00622.1	11465	6	114589965			PZA00622	AY112176	AY112176	random	9994	11022	1	1	1
PZA00622.2	11466	6	114589552			PZA00622	AY112176	AY112176	random	9995	11023	0	0	0
PZA00721.4	4169	6	147302259			PZA00721	AY111530	AY111530	random	7962	11103	1	1	1
PZA00721.5	4170	6	147302331			PZA00721	AY111530	AY111530	random	7963	11104	0	0	0
PZA01104.1	6923	6	126415640			PZA01104	AY107821	AY107821	random	7973	11123	1	1	1
PZA02947.2	11646	6	56454240			PZA02947	AY104547	AY104547	random	10032	11214	1	1	1
PZA02948.19	4286	6	multiple		Chr6(25035262;25122959);	PZA02948	AY104537	AY104537	random	8033	11219	1	1	1
PZA02948.21	4287	6	multiple		Chr6(25035303;25123000);	PZA02948	AY104537	AY104537	random	10033	11220	0	0	0
PZA02948.22	11655	6	multiple		Chr6(25035259;25122956);	PZA02948	AY104537	AY104537	random	10034	11221	0	0	0
PZA02958.17	4294	6	151993489			PZA02958	AY104486	AY104486	random	10037	11229	1	1	1
PZA02970.9	4313	6	98507715			PZA02970	AY104443	AY104443	random	8042	11238	1	1	1
PZA03041.8	4373	6	115280978			PZA03041	AY104072	AY104072	random	8071	11280	1	1	1
PZA03047.12	4381	6	20837504			PZA03047	AY104051	AY104051	random	10050	11286	1	1	1
PZA03047.20	4382	6	20837292			PZA03047	AY104051	AY104051	random	10051	11287	0	0	0
PZA03047.22	11714	6	20837423			PZA03047	AY104051	AY104051	random	10052	11288	0	0	0
PZA03063.17	4399	6	25335322			PZA03063	AY103983	AY103983	random	10059	11304	1	1	1
PZA03063.18	4400	6	25335362			PZA03063	AY103983	AY103983	random	8081	11305	0	0	0
PZA03068.11	4404	6	140541768			PZA03068	AY103959	AY103959	random	8083	11310	1	1	1
PZA03068.13	4405	6	140541669			PZA03068	AY103959	AY103959	random	8084	11311	0	0	0
PZA03069.6	4407	6	81808425			PZA03069	AY103957	AY103957	random	8085	11312	1	1	1
PZA03089.12	4428	6	165724924			PZA03089	AY103861	AY103861	random	8092	11328	1	1	1
PZA03090.31	4429	6	69840279			PZA03090	AY103859	AY103859	random	8093	11329	1	1	1
PZA03102.10	11751	6	145827611			PZA03102	AY103798	AY103798	random	10069	11339	1	1	1
PZA03102.2	4439	6	145827685			PZA03102	AY103798	AY103798	random	8101	11340	0	0	0
PZA03102.9	4440	6	145827559			PZA03102	AY103798	AY103798	random	8102	11341	0	0	0
PZA03290.1	5779	6	9243581			PZA03290	MIR160c	MIR160c	candidate	8109	11349	1	1	1
PZA03290.2	5780	6	9243719			PZA03290	MIR160c	MIR160c	candidate	8110	11350	0	0	0
PZA03296.6	6625	6	83064659			PZA03296	MIR166a	MIR166a	candidate	8113	11353	1	1	1
PZA03296.7	6626	6	83064683			PZA03296	MIR166a	MIR166a	candidate	8114	11354	0	0	0
PZA03333.3	6655	6	144141536			PZA03333	ath-miR167	ath-miR167	candidate	8139	11380	1	1	1
PZA03348.1	5905	6	159808188			PZA03348	ath-miR399	ath-miR399	candidate	8151	11395	1	1	1
PZB00416.2	5505	6	131405904			PZB00416	CB380757	CB380757	candidate	10084	11563	1	1	1
PZB00416.5	6221	6	131405350			PZB00416	CB380757	CB380757	candidate	8260	11564	0	0	0
PZB01221.1	6261	6	82511779			PZB01221	AZM4_93149	AZM4_93149	candidate	8296	11670	1	1	1
PZB01222.1	6263	6	164419435			PZB01222	AZM3_78186	AZM3_78186	candidate	8297	11671	1	1	1
PZB01222.3	6265	6	164419373			PZB01222	AZM3_78186	AZM3_78186	candidate	8298	11672	0	0	0
PZD00011.1	6321	6	132084997			PZD00011	zag1	zag1	candidate	8322	11709	1	1	1
PZD00011.3	6323	6	132084452			PZD00011	zag1	zag1	candidate	8323	11710	0	0	0
PZD00011.4	6324	6	132084516			PZD00011	zag1	zag1	candidate	8324	11711	0	0	0
PZD00012.1	6325	6	132078067			PZD00012	zag1	zag1	candidate	10092	11712	1	0	0
PZD00012.2	6326	6	132079305			PZD00012	zag1	zag1	candidate	8325	11713	0	0	0
PZD00012.3	6327	6	132079328			PZD00012	zag1	zag1	candidate	10093	11714	0	0	0
PZD00012.4	6328	6	132079083			PZD00012	zag1	zag1	candidate	8326	11715	0	0	0
PZD00012.5	6329	6	132078952			PZD00012	zag1	zag1	candidate	10094	11716	0	0	0
