PZA00043.7	3621	7	167218288			PZA00043	AY106390	AY106390	random	7668	10529	1	1	1
PZA00084.2	3642	7	43948264			PZA00084	AY106170	AY106170	random	7682	10547	1	1	1
PZA00084.3	3541	7	43948320			PZA00084	AY106170	AY106170	random	7683	10548	0	0	0
PZA00096.26	3647	7	144013500			PZA00096	AY110964	AY110964	random	7689	10557	1	1	1
PZA00111.2	3663	7	133825965			PZA00111	AY110837	AY110837	random	7697	10578	1	1	1
PZA00111.4	3547	7	133825665			PZA00111	AY110837	AY110837	random	9849	10579	0	0	0
PZA00111.5	10912	7	133825912			PZA00111	AY110837	AY110837	random	9850	10580	0	0	0
PZA00111.6	10913	7	133825909			PZA00111	AY110837	AY110837	random	9851	10581	0	0	0
PZA00111.8	10915	7	133825812			PZA00111	AY110837	AY110837	random	9852	10582	0	0	0
PZA00132.17	3551	7	33979080			PZA00132	AY106000	AY106000	random	7703	10594	1	1	1
PZA00132.18	7582	7	33979181			PZA00132	AY106000	AY106000	random	9855	10595	0	0	0
PZA00132.3	3681	7	33979012			PZA00132	AY106000	AY106000	random	7704	10596	0	0	0
PZA00178.3	3707	7	165275756			PZA00178	AY109945	AY109945	random	7723	10627	1	1	1
PZA00188.1	3719	7	2998280			PZA00188	AY105750	AY105750	random	7727	10635	1	1	1
PZA00188.3	6008	7	2998619			PZA00188	AY105750	AY105750	random	7728	10636	0	0	0
PZA00211.7	3734	7	125465928			PZA00211	AY105684	AY105684	random	9869	10657	1	1	1
PZA00227.8	10997	7	161520499			PZA00227	AY109140	AY109140	random	9876	10674	1	1	1
PZA00256.16	3778	7	17397465	Approximate: position of another SNP from the same amplicon plus 50 bases		PZA00256	AY108738	AY108738	random	7756	10703	1	1	1
PZA00256.21	3779	7	17397515	Approximate: position of another SNP from the same amplicon plus 100 bases		PZA00256	AY108738	AY108738	random	7757	10704	0	0	0
PZA00256.23	6016	7	17397615	Approximate: position of another SNP from the same amplicon plus 200 bases		PZA00256	AY108738	AY108738	random	7758	10705	0	0	0
PZA00326.16	3827	7	153447034			PZA00326	AY108433	AY108433	random	7782	10754	1	1	1
PZA00326.18	11122	7	153447109			PZA00326	AY108433	AY108433	random	9906	10755	0	0	0
PZA00326.19	11123	7	153447067			PZA00326	AY108433	AY108433	random	9907	10756	0	0	0
PZA00346.1	11148	7	140152310			PZA00346	AY108275	AY108275	random	9914	10768	1	1	1
PZA00346.2	11149	7	140152258			PZA00346	AY108275	AY108275	random	9915	10769	0	0	0
PZA00346.3	11150	7	140152256			PZA00346	AY108275	AY108275	random	9916	10770	0	0	0
PZA00350.2	3846	7	147187128			PZA00350	AY108268	AY108268	random	7789	10775	1	1	1
PZA00370.1	3862	7	122373056			PZA00370	AY108179	AY108179	random	9922	10793	1	1	1
PZA00370.5	3863	7	122373149			PZA00370	AY108179	AY108179	random	9923	10794	0	0	0
PZA00386.3	3876	7	164941846			PZA00386	AY108013	AY108013	random	7800	10806	1	1	1
PZA00392.3	11194	7	139404579			PZA00392	AY107970	AY107970	random	9927	10810	1	1	1
PZA00392.4	11195	7	139404709			PZA00392	AY107970	AY107970	random	9928	10811	0	0	0
PZA00423.16	3907	7	167060647			PZA00423	AY107804	AY107804	random	7820	10840	1	1	1
PZA00423.17	3908	7	167060733			PZA00423	AY107804	AY107804	random	7821	10841	0	0	0
PZA00424.1	3909	7	169017514			PZA00424	AY107799	AY107799	random	7822	10842	1	1	1
PZA00486.2	3964	7	multiple		Chr7(108218425;108952795);	PZA00486	AY107392	AY107392	random	7856	10893	1	1	1
PZA00496.1	3972	7	162222117			PZA00496	AY107317	AY107317	random	9959	10905	1	1	1
PZA00504.1	3983	7	142135761			PZA00504	AY107286	AY107286	random	7868	10920	1	1	1
PZA00504.2	11315	7	142135807			PZA00504	AY107286	AY107286	random	9965	10921	0	0	0
PZA00505.4	3984	7	162531108			PZA00505	AY107261	AY107261	random	7869	10923	1	1	1
PZA00505.8	11320	7	162531294			PZA00505	AY107261	AY107261	random	9966	10926	0	0	0
PZA00534.2	4007	7	21624035			PZA00534	AY112566	AY112566	random	7882	10954	1	1	1
PZA00614.12	4069	7	145912535			PZA00614	AY106891	AY106891	random	7912	11011	1	1	1
PZA00655.1	4108	7	133818011			PZA00655	AY106777	AY106777	random	7933	11050	1	1	1
PZA00695.1	4138	7	165518207			PZA00695	AY111797	AY111797	random	7948	11079	1	1	1
PZA02850.18	4234	7	169067788			PZA02850	AY104982	AY104982	random	8009	11180	1	1	1
PZA02850.4	4235	7	169067986			PZA02850	AY104982	AY104982	random	8010	11181	0	0	0
PZA02872.1	8131	7	13058813			PZA02872	AY104876	AY104876	random	10026	11191	1	1	1
PZA02872.3	11633	7	13058709			PZA02872	AY104876	AY104876	random	10027	11192	0	0	0
PZA02940.3	4276	7	144884172			PZA02940	AY104575	AY104575	random	8030	11208	1	1	1
PZA02959.7	4296	7	151622827			PZA02959	AY104484	AY104484	random	8037	11230	1	1	1
PZA02983.38	4318	7	4244157	Approximate: 5 prime BLAST start of amplicon plus 50 bases		PZA02983	AY104384	AY104384	random	8046	11242	1	1	1
PZA03067.17	4402	7	14354166			PZA03067	AY103963	AY103963	random	10060	11308	1	1	1
PZA03067.20	4403	7	14354237			PZA03067	AY103963	AY103963	random	10061	11309	0	0	0
PZA03223.3	5223	7	137629283			PZA03223	MAGI_69014	MAGI_69014	candidate	8105	11345	1	1	1
PZA03258.2	5228	7	137628516			PZA03258	MAGI_69014	MAGI_69014	candidate	8106	11346	1	0	0
PZA03295.4	6624	7	167014816			PZA03295	MIR164d	MIR164d	candidate	8111	11351	1	1	1
PZA03329.1	5861	7	152631991			PZA03329	ath-miR164	ath-miR164	candidate	8137	11377	1	0	0
PZA03329.2	6651	7	152631890			PZA03329	ath-miR164	ath-miR164	candidate	8138	11378	0	0	0
PZA03344.4	5896	7	22002548			PZA03344	ath-miR172	ath-miR172	candidate	8145	11387	1	1	1
PZA03344.5	6669	7	22002659			PZA03344	ath-miR172	ath-miR172	candidate	8146	11388	0	0	0
PZA03344.6	6670	7	22002625			PZA03344	ath-miR172	ath-miR172	candidate	8147	11389	0	0	0
PZB00062.6	6132	7	145056736			PZB00062	AI881573	AI881573	candidate	8197	11458	1	1	1
PZB00062.7	6133	7	145056593			PZB00062	AI881573	AI881573	candidate	8198	11459	0	0	0
PZB00062.8	6134	7	145056896			PZB00062	AI881573	AI881573	candidate	8199	11460	0	0	0
PZB00140.1	6166	7	2081333			PZB00140	AZM3_55868	AZM3_55868	candidate	10081	11492	1	1	1
PZB00169.4	6181	7	127435474			PZB00169	AJ011619	AJ011619	candidate	8230	11510	1	1	1
PZB00169.6	6183	7	127435303			PZB00169	AJ011619	AJ011619	candidate	8231	11511	0	0	0
PZB00175.1	6187	7	104898621			PZB00175	Ramosa1	ra1	candidate	8237	11517	1	1	0
PZB00175.2	6188	7	104898467			PZB00175	Ramosa1	ra1	candidate	10083	11518	0	0	0
PZB00175.3	6189	7	104898624			PZB00175	Ramosa1	ra1	candidate	8238	11519	0	0	0
PZB00175.4	6190	7	104898656			PZB00175	Ramosa1	ra1	candidate	8239	11520	0	0	0
PZB00175.5	6191	7	104898448			PZB00175	Ramosa1	ra1	candidate	8240	11521	0	0	0
PZB00598.1	6230	7	161518116			PZB00598	AZM4_85148	AZM4_85148	candidate	8267	11584	1	1	1
PZB00598.2	6231	7	161518065			PZB00598	AZM4_85148	AZM4_85148	candidate	10085	11585	0	0	0
PZB00603.3	6233	7	165994896			PZB00603	AZM4_2313	AZM4_2313	candidate	8268	11586	1	1	1
PZB00603.4	6234	7	165994893			PZB00603	AZM4_2313	AZM4_2313	candidate	8269	11587	0	0	0
PZB00603.5	6235	7	165994838	Approximate: 5 prime BLAST start of amplicon plus 50 bases		PZB00603	AZM4_2313	AZM4_2313	candidate	8270	11588	0	0	0
PZB01228.1	6276	7	15335449			PZB01228	AZM4_91444	AZM4_91444	candidate	8305	11683	1	1	1
PZB01228.3	6278	7	15335531			PZB01228	AZM4_91444	AZM4_91444	candidate	8306	11684	0	0	0
PZB01228.4	6279	7	15335577			PZB01228	AZM4_91444	AZM4_91444	candidate	8307	11685	0	0	0
PZB01238.5	6292	7	161167790			PZB01238	Ra3	ra3	candidate	8310	11695	1	1	1
PZB01238.6	6293	7	161167688			PZB01238	Ra3	ra3	candidate	8311	11696	0	0	0
PZD00043.1	6386	7	158733284			PZD00043	zmm28	zmm28	candidate	8350	11743	1	1	1
PZD00043.2	6387	7	158733225			PZD00043	zmm28	zmm28	candidate	8351	11744	0	0	0
PZD00043.3	6388	7	158733204			PZD00043	zmm28	zmm28	candidate	8352	11745	0	0	0
PZD00043.4	6389	7	158733124			PZD00043	zmm28	zmm28	candidate	10096	11746	0	0	0
PZD00044.2	6391	7	158727917			PZD00044	zmm28	zmm28	candidate	8353	11747	1	0	0
PZD00044.3	6392	7	158728045			PZD00044	zmm28	zmm28	candidate	8354	11748	0	0	0
PZD00044.4	6393	7	158727996			PZD00044	zmm28	zmm28	candidate	8355	11749	0	0	0
PZD00045.1	6395	7	158729405			PZD00045	zmm28	zmm28	candidate	8356	11750	1	0	0
PZD00045.2	6396	7	158729314			PZD00045	zmm28	zmm28	candidate	8357	11751	0	0	0
PZD00045.3	6397	7	158729616			PZD00045	zmm28	zmm28	candidate	8358	11752	0	0	0
PZD00045.4	6398	7	158728965			PZD00045	zmm28	zmm28	candidate	8359	11753	0	0	0
PZD00073.1	6595	7	104898544			PZD00073	ra1	ra1	candidate	8377	11774	1	1	1
PZD00073.2	6596	7	104899119	Approximate: position of another SNP from the same amplicon plus 50 bases		PZD00073	ra1	ra1	candidate	8379	11775	0	0	0
PZD00073.6	6600	7	104899269	Approximate: position of another SNP from the same amplicon plus 200 bases		PZD00073	ra1	ra1	candidate	8381	11776	0	0	0
