PZA00018.5	3613	8	155326020			PZA00018	AY106579	AY106579	random	7659	10521	1	1	1
PZA00045.1	3622	8	116787172			PZA00045	AY106377	AY106377	random	7669	10530	1	1	1
PZA00049.12	3627	8	132749967			PZA00049	AY106357	AY106357	random	7671	10533	1	1	1
PZA00058.5	3631	8	5966698			PZA00058	AY106292	AY106292	random	7674	10537	1	1	1
PZA00058.6	10862	8	5966738			PZA00058	AY106292	AY106292	random	9838	10538	0	0	0
PZA00090.2	10882	8	137480801			PZA00090	AY106120	AY106120	random	9840	10551	1	1	1
PZA00093.2	5993	8	123273467			PZA00093	AY106111	AY106111	random	7688	10556	1	1	1
PZA00097.13	3648	8	144652871			PZA00097	AY110958	AY110958	random	7690	10559	1	1	1
PZA00120.4	3671	8	147049220			PZA00120	AY106085	AY106085	random	7700	10587	1	1	1
PZA00142.6	10934	8	142887237			PZA00142	AY105958	AY105958	random	9860	10607	1	1	1
PZA00177.4	3706	8	155435599			PZA00177	AY105784	AY105784	random	7722	10626	1	1	1
PZA00298.4	11086	8	166980037			PZA00298	AY108547	AY108547	random	9895	10729	1	1	1
PZA00298.5	11087	8	166979956			PZA00298	AY108547	AY108547	random	9896	10730	0	0	0
PZA00299.2	6683	8	77788745			PZA00299	AY108543	AY108543	random	7771	10731	1	1	1
PZA00314.6	3819	8	153355348			PZA00314	AY108481	AY108481	random	7777	10746	1	1	1
PZA00314.8	6685	8	153355063			PZA00314	AY108481	AY108481	random	7778	10747	0	0	0
PZA00334.2	3832	8	154182352			PZA00334	AY108366	AY108366	random	7783	10759	1	1	1
PZA00417.2	3901	8	60100989			PZA00417	AY107851	AY107851	random	7817	10831	1	1	1
PZA00417.3	3582	8	60100774			PZA00417	AY107851	AY107851	random	7818	10832	0	0	0
PZA00419.1	3903	8	125230104			PZA00419	AY107836	AY107836	random	9934	10833	1	1	1
PZA00422.2	3905	8	153373467			PZA00422	AY107817	AY107817	random	7819	10837	1	1	1
PZA00422.5	3906	8	153373529			PZA00422	AY107817	AY107817	random	9936	10838	0	0	0
PZA00422.6	11228	8	153373598			PZA00422	AY107817	AY107817	random	9937	10839	0	0	0
PZA00429.1	3913	8	144443084			PZA00429	AY107783	AY107783	random	7824	10845	1	1	1
PZA00452.4	11262	8	78017780	Approximate: 5 prime BLAST start of amplicon plus 150 bases		PZA00452	AY107574	AY107574	random	9943	10861	1	1	1
PZA00460.3	3942	8	163565396			PZA00460	AY107526	AY107526	random	7837	10864	1	1	1
PZA00460.5	11269	8	163565429			PZA00460	AY107526	AY107526	random	9944	10865	0	0	0
PZA00460.7	11271	8	163565496			PZA00460	AY107526	AY107526	random	9946	10866	0	0	0
PZA00481.7	3960	8	24557261			PZA00481	AY107417	AY107417	random	7853	10890	1	1	1
PZA00498.4	7550	8	48775838			PZA00498	AY107308	AY107308	random	9961	10910	1	1	1
PZA00516.3	3594	8	163572301			PZA00516	AY107220	AY107220	random	7874	10935	1	1	1
PZA00531.1	4003	8	123932505			PZA00531	AY112577	AY112577	random	7879	10949	1	1	1
PZA00600.11	4058	8	83913342			PZA00600	AY106970	AY106970	random	7907	11003	1	1	1
PZA00641.7	4097	8	166182794			PZA00641	AY112109	AY112109	random	7927	11042	1	1	1
PZA00641.8	4098	8	166182700			PZA00641	AY112109	AY112109	random	7928	11043	0	0	0
PZA00686.8	11534	8	146670143			PZA00686	AY111818	AY111818	random	10009	11075	1	1	1
PZA00706.16	4155	8	159897914			PZA00706	AY111711	AY111711	random	10011	11086	1	1	1
PZA00717.14	4166	8	68476007			PZA00717	AY111566	AY111566	random	7956	11097	1	1	1
PZA02927.1	4271	8	34077450			PZA02927	AY104624	AY104624	random	8027	11205	1	1	1
PZA02955.3	4292	8	14721554			PZA02955	AY104508	AY104508	random	8036	11228	1	1	1
PZA03012.10	4346	8	115257234			PZA03012	AY104190	AY104190	random	8060	11257	1	1	1
PZA03035.5	4367	8	76419367			PZA03035	AY104088	AY104088	random	8069	11276	1	1	1
PZA03052.15	4389	8	129384587			PZA03052	AY104033	AY104033	random	8078	11294	1	1	1
PZA03316.2	6637	8	4766694			PZA03316	MIR169b	MIR169b	candidate	8128	11369	1	1	1
PZA03789.1	6967	8	68477778			PZA03789	CL439	CL439	candidate	8166	11410	1	1	1
PZA03789.2	6968	8	68478278			PZA03789	CL439	CL439	candidate	8167	11411	0	0	0
PZA03789.4	6970	8	68478548			PZA03789	CL439	CL439	candidate	8168	11412	0	0	0
PZB00041.2	6119	8	44555242			PZB00041	BQ547717	BQ547717	candidate	8192	11447	1	1	1
PZB00041.4	6121	8	44554995			PZB00041	BQ547717	BQ547717	candidate	8193	11449	0	0	0
PZB00049.2	5341	8	21137213			PZB00049	BQ294114	BQ294114	candidate	10078	11451	1	1	1
PZB00049.4	6122	8	21136819			PZB00049	BQ294114	BQ294114	candidate	8194	11452	0	0	0
PZB00049.7	6125	8	21137286			PZB00049	BQ294114	BQ294114	candidate	10079	11453	0	0	0
PZB00096.2	6157	8	21135254			PZB00096	AY365039	AY365039	candidate	8215	11485	1	1	1
PZB00096.3	6158	8	21135142			PZB00096	AY365039	AY365039	candidate	8216	11486	0	0	0
PZB00145.2	6167	8	44553828			PZB00145	AZM3_97156	AZM3_97156	candidate	8218	11494	1	1	1
PZB00160.1	5406	8	157472833			PZB00160	ELM1	ELM1	candidate	8225	11502	1	1	1
PZB00160.2	6174	8	157472883			PZB00160	ELM1	ELM1	candidate	8226	11503	0	0	0
PZB00160.4	6176	8	157473046			PZB00160	ELM1	ELM1	candidate	8227	11504	0	0	0
PZD00024.2	6708	8	22274672			PZD00024	ZmCKXF	ZmCKXF	candidate	8342	11734	1	1	1
PZD00025.1	6709	8	22277128			PZD00025	ZmCKXF	ZmCKXF	candidate	8343	11735	1	0	0
PZD00025.2	6710	8	22276752			PZD00025	ZmCKXF	ZmCKXF	candidate	8344	11736	0	0	0
PZD00034.3	6381	8	23005432	Approximate: position of another SNP from the same amplicon plus 50 bases		PZD00034	zmm2	zmm2	candidate	8349	11742	1	1	1
