PZA00015.4	10830	9	109909675			PZA00015	AY106591	AY106591	random	9837	10519	1	1	1
PZA00060.2	3632	9	124619424			PZA00060	AY106286	AY106286	random	7675	10539	1	1	1
PZA00070.5	3539	9	85334547			PZA00070	AY106233	AY106233	random	7679	10543	1	1	1
PZA00116.2	3667	9	125052222			PZA00116	AY106099	AY106099	random	9853	10584	1	1	1
PZA00123.1	3674	9	149398788			PZA00123	AY106075	AY106075	random	7701	10589	1	1	1
PZA00184.1	3714	9	151289948			PZA00184	AY105759	AY105759	random	7726	10631	1	1	1
PZA00184.4	3715	9	151289826			PZA00184	AY105759	AY105759	random	9864	10632	0	0	0
PZA00213.19	3736	9	126584378			PZA00213	AY105678	AY105678	random	7738	10659	1	1	1
PZA00225.8	3753	9	104537850			PZA00225	AY109146	AY109146	random	9875	10670	1	1	1
PZA00287.1	3803	9	72258299			PZA00287	AY105436	AY105436	random	7766	10718	1	1	1
PZA00323.3	3825	9	142499873			PZA00323	AY108441	AY108441	random	7781	10751	1	1	1
PZA00323.4	3826	9	142500070			PZA00323	AY108441	AY108441	random	9905	10752	0	0	0
PZA00466.1	3945	9	11972467			PZA00466	AY107496	AY107496	random	7840	10869	1	1	1
PZA00502.5	3592	9	139381999			PZA00502	AY107292	AY107292	random	9964	10917	1	1	1
PZA00514.1	3593	9	104237592			PZA00514	AY107228	AY107228	random	7871	10930	1	1	1
PZA00514.6	3990	9	104237516			PZA00514	AY107228	AY107228	random	7872	10931	0	0	0
PZA00514.7	6692	9	104237687			PZA00514	AY107228	AY107228	random	7873	10932	0	0	0
PZA00568.19	4028	9	129048317			PZA00568	AY112256	AY112256	random	7897	10982	1	1	1
PZA00579.6	4042	9	147384958			PZA00579	AY107148	AY107148	random	7898	10986	1	1	1
PZA00588.2	4050	9	59789931			PZA00588	AY107037	AY107037	random	7902	10993	1	1	1
PZA00588.4	11431	9	59789965			PZA00588	AY107037	AY107037	random	9986	10994	0	0	0
PZA00589.10	7329	9	multiple		Chr9(43692524;43720849);	PZA00589	AY107035	AY107035	random	9987	10996	1	1	1
PZA00589.8	4051	9	multiple		Chr9(43692603;43720928);	PZA00589	AY107035	AY107035	random	7903	10998	0	0	0
PZA00589.9	4052	9	multiple		Chr9(43692633;43720958);	PZA00589	AY107035	AY107035	random	7904	10999	0	0	0
PZA00693.3	4137	9	28318787			PZA00693	AY106637	AY106637	random	7947	11078	1	1	1
PZA01149.1	6924	9	34889509			PZA01149	AY108876	AY108876	random	7974	11124	1	1	1
PZA01149.3	6926	9	34889489			PZA01149	AY108876	AY108876	random	7975	11125	0	0	0
PZA01782.2	6946	9	19252475			PZA01782	AY108388	AY108388	random	10018	11140	1	1	1
PZA01782.3	6947	9	19252762			PZA01782	AY108388	AY108388	random	7989	11141	0	0	0
PZA01782.4	6948	9	19252371			PZA01782	AY108388	AY108388	random	7990	11142	0	0	0
PZA02844.1	4232	9	17653885			PZA02844	AY105014	AY105014	random	8008	11179	1	1	1
PZA02878.12	4255	9	37421825			PZA02878	AY104853	AY104853	random	8018	11193	1	1	1
PZA02897.12	4263	9	94285743			PZA02897	AY104778	AY104778	random	8024	11199	1	1	1
PZA02997.16	4330	9	146470580			PZA02997	AY104285	AY104285	random	8051	11246	1	1	1
PZA02997.19	4331	9	146470644			PZA02997	AY104285	AY104285	random	8052	11247	0	0	0
PZA03058.17	4395	9	19292988			PZA03058	AY103996	AY103996	random	10057	11299	1	1	1
PZA03062.15	4397	9	3873152			PZA03062	AY103991	AY103991	random	10058	11302	1	1	1
PZA03062.7	4398	9	3873116	Approximate: 5 prime BLAST start of amplicon plus 50 bases		PZA03062	AY103991	AY103991	random	8080	11303	0	0	0
PZA03097.4	4436	9	44359301			PZA03097	AY103830	AY103830	random	8099	11336	1	1	1
PZA03097.7	4437	9	44359430			PZA03097	AY103830	AY103830	random	8100	11337	0	0	0
PZA03097.9	11749	9	44359547			PZA03097	AY103830	AY103830	random	10068	11338	0	0	0
PZA03786.1	6953	9	34889155			PZA03786	CL49722_1	CL49722_1	candidate	8154	11398	1	1	1
PZA03786.2	6954	9	34889189			PZA03786	CL49722_1	CL49722_1	candidate	8155	11399	0	0	0
PZB00207.3	6204	9	131405995			PZB00207	MAGI_108630	MAGI_108630	candidate	8245	11535	1	1	1
PZB00221.3	5458	9	142271047			PZB00221	MAGI_72974	MAGI_72974	candidate	8246	11537	1	1	1
PZB00221.8	6206	9	142271439			PZB00221	MAGI_72974	MAGI_72974	candidate	8247	11540	0	0	0
PZB00379.3	6214	9	26661507			PZB00379	AF413470	AF413470	candidate	8255	11556	1	1	1
PZB00379.4	6215	9	26661490			PZB00379	AF413470	AF413470	candidate	8256	11557	0	0	0
PZB00379.5	6216	9	26661424	Approximate: 5 prime BLAST start of amplicon plus 50 bases		PZB00379	AF413470	AF413470	candidate	8257	11558	0	0	0
PZB00761.1	5597	9	83959651			PZB00761	MAGI_38349	MAGI_38349	candidate	8272	11602	1	1	1
PZB00761.2	5598	9	83960023			PZB00761	MAGI_38349	MAGI_38349	candidate	8273	11603	0	0	0
PZB01110.1	5719	9	24028795			PZB01110	AZM4_91097	AZM4_91097	candidate	8280	11646	1	1	1
PZB01110.2	6241	9	24028867			PZB01110	AZM4_91097	AZM4_91097	candidate	10086	11647	0	0	0
PZB01110.3	6242	9	24028611			PZB01110	AZM4_91097	AZM4_91097	candidate	8281	11648	0	0	0
PZB01114.1	5717	9	60776323			PZB01114	AZM4_82653	AZM4_82653	candidate	8291	11661	1	1	1
PZB01114.3	6252	9	60775971			PZB01114	AZM4_82653	AZM4_82653	candidate	8292	11663	0	0	0
PZD00049.3	6407	9	16960436			PZD00049	Y09301	Y09301	candidate	8361	11754	1	1	1
PZD00049.4	6408	9	16960510			PZD00049	Y09301	Y09301	candidate	8362	11755	0	0	0
PZD00049.5	6409	9	16960633			PZD00049	Y09301	Y09301	candidate	8363	11756	0	0	0
zmm3.4	3527	9	16966348			zmm3	Y09301	zmm3	candidate	10104	11829	1	0	1
